[0m[32mTask[0m [0m[36mdev[0m deno run -A src/main.ts --config config/hvac_config_dev.yaml --log-level debug
[2m[36m[09:51:39][39m[22m [36mDEBUG  [39m [35m[HAG][39m [32m[1mStarting HAG application main function...[22m[39m
[2m[36m[09:51:39][39m[22m [34mINFO   [39m [35m[HAG.hvac.controller][39m [32m[1m🚀 Starting HVAC controller[22m[39m [2m[32m{systemMode="auto" aiEnabled=false hvacEntities=5 tempSensor="sensor.1st_floor_hall_multisensor_temperature" outdoorSensor="sensor.openweathermap_temperature" heatingConfig={"temperature":21,"presetMode":"windFreeSleep","thresholds":{"indoorMin":19.7,"indoorMax":20.2,"outdoorMin":-5,"outdoorMax":15}} coolingConfig={"temperature":24,"presetMode":"windFree","thresholds":{"indoorMin":23,"indoorMax":23.5,"outdoorMin":20,"outdoorMax":45}}}[39m[22m
[2m[36m[09:51:39][39m[22m [34mINFO   [39m [35m[HAG.hvac.controller][39m 🔗 Step 1: Connecting to Home Assistant [2m[32m{wsUrl="configured" expectedEntities=["climate.living_room_ac","climate.bedroom_ac","climate.matej_ac","climate.anicka_ac","climate.radek_ac"]}[39m[22m
[2m[36m[09:51:39][39m[22m [34mINFO   [39m [35m[HAG.home-assistant.client][39m [32m[1m🚀 Starting Home Assistant connection process[22m[39m [2m[32m{wsUrl="ws://192.168.0.204:8123/api/websocket" restUrl="http://192.168.0.204:8123/api" maxRetries=5 retryDelayMs=1000 currentState="disconnected"}[39m[22m
[2m[36m[09:51:39][39m[22m [34mINFO   [39m [35m[HAG.home-assistant.client][39m 🔄 Attempting Home Assistant connection [2m[32m{wsUrl="ws://192.168.0.204:8123/api/websocket" attempt=1 maxRetries=5 retryDelayMs=1000}[39m[22m
[2m[36m[09:51:39][39m[22m [36mDEBUG  [39m [35m[HAG.home-assistant.client][39m Creating WebSocket connection... [2m[32m{url="ws://192.168.0.204:8123/api/websocket" currentTime="2025-07-06T09:51:39.452Z"}[39m[22m
[2m[36m[09:51:39][39m[22m [36mDEBUG  [39m [35m[HAG.home-assistant.client][39m WebSocket object created [2m[32m{readyState=0 readyStateString="CONNECTING" url="ws://192.168.0.204:8123/api/websocket"}[39m[22m
[2m[36m[09:51:39][39m[22m [34mINFO   [39m [35m[HAG.home-assistant.client][39m WebSocket connection established
[2m[36m[09:51:39][39m[22m [36mDEBUG  [39m [35m[HAG.home-assistant.client][39m WebSocket opened successfully [2m[32m{readyState=1 readyStateString="OPEN" protocol="" extensions=""}[39m[22m
[2m[36m[09:51:39][39m[22m [36mDEBUG  [39m [35m[HAG.home-assistant.client][39m [32m[1mStarting Home Assistant authentication[22m[39m
[2m[36m[09:51:39][39m[22m [36mDEBUG  [39m [35m[HAG.home-assistant.client][39m WebSocket message received [2m[32m{dataType="string" dataLength=48 timestamp="2025-07-06T09:51:39.461Z"}[39m[22m
[2m[36m[09:51:39][39m[22m [36mDEBUG  [39m [35m[HAG.home-assistant.client][39m Received auth_required message
[2m[36m[09:51:39][39m[22m [36mDEBUG  [39m [35m[HAG.home-assistant.client][39m Sending authentication token
[2m[36m[09:51:39][39m[22m [36mDEBUG  [39m [35m[HAG.home-assistant.client][39m Attempting to send WebSocket message [2m[32m{messageType="auth" messageId=undefined hasWebSocket=true readyState=1 readyStateString="OPEN" timestamp="2025-07-06T09:51:39.461Z"}[39m[22m
[2m[36m[09:51:39][39m[22m [36mDEBUG  [39m [35m[HAG.home-assistant.client][39m Sending WebSocket message [2m[32m{messageLength=216 messagePreview="{\"type\":\"auth\",\"access_token\":\"eyJhbGciOiJIUzI1NiIsInR5cCI6IkpXVCJ9.eyJpc3MiOiIwMmE2YWYwMGMzZGU0OTVk"}[39m[22m
[2m[36m[09:51:39][39m[22m [36mDEBUG  [39m [35m[HAG.home-assistant.client][39m WebSocket message sent successfully [2m[32m{messageType="auth" messageId=undefined}[39m[22m
[2m[36m[09:51:39][39m[22m [36mDEBUG  [39m [35m[HAG.home-assistant.client][39m WebSocket message received [2m[32m{dataType="string" dataLength=42 timestamp="2025-07-06T09:51:39.464Z"}[39m[22m
[2m[36m[09:51:39][39m[22m [34mINFO   [39m [35m[HAG.home-assistant.client][39m Authentication successful
[2m[36m[09:51:39][39m[22m [34mINFO   [39m [35m[HAG.home-assistant.client][39m 📡 Subscribing to Home Assistant events [2m[32m{eventType="state_changed"}[39m[22m
[2m[36m[09:51:39][39m[22m [36mDEBUG  [39m [35m[HAG.home-assistant.client][39m 📤 Sending event subscription message [2m[32m{messageId=1 eventType="state_changed" messageType="subscribe_events"}[39m[22m
[2m[36m[09:51:39][39m[22m [36mDEBUG  [39m [35m[HAG.home-assistant.client][39m Attempting to send WebSocket message [2m[32m{messageType="subscribe_events" messageId=1 hasWebSocket=true readyState=1 readyStateString="OPEN" timestamp="2025-07-06T09:51:39.465Z"}[39m[22m
[2m[36m[09:51:39][39m[22m [36mDEBUG  [39m [35m[HAG.home-assistant.client][39m Sending WebSocket message [2m[32m{messageLength=63 messagePreview="{\"id\":1,\"type\":\"subscribe_events\",\"event_type\":\"state_changed\"}"}[39m[22m
[2m[36m[09:51:39][39m[22m [36mDEBUG  [39m [35m[HAG.home-assistant.client][39m WebSocket message sent successfully [2m[32m{messageType="subscribe_events" messageId=1}[39m[22m
[2m[36m[09:51:39][39m[22m [34mINFO   [39m [35m[HAG.home-assistant.client][39m [32m[1m✅ Successfully subscribed to events[22m[39m [2m[32m{eventType="state_changed" totalSubscriptions=1 messageId=1}[39m[22m
[2m[36m[09:51:39][39m[22m [34mINFO   [39m [35m[HAG.home-assistant.client][39m [32m[1m✅ Connected to Home Assistant successfully[22m[39m [2m[32m{totalAttempts=1 connectionStats={"totalConnections":1,"totalReconnections":0,"totalMessages":0,"totalErrors":0,"lastConnected":"2025-07-06T09:51:39.465Z"} subscriptions=["state_changed"] eventHandlers=[]}[39m[22m
[2m[36m[09:51:39][39m[22m [34mINFO   [39m [35m[HAG.hvac.controller][39m [32m[1m✅ Step 1 completed: Home Assistant connected[22m[39m
[2m[36m[09:51:39][39m[22m [34mINFO   [39m [35m[HAG.hvac.controller][39m [32m[1m⚙️ Step 2: Starting HVAC actor system[22m[39m [2m[32m{initialState="stopped" systemMode="auto"}[39m[22m
[2m[36m[09:51:39][39m[22m [34mINFO   [39m [35m[HAG.hvac.state-machine][39m [35m[1m🚀 Starting HVAC state machine[22m[39m [2m[32m{machineId="hvac" initialState="idle" alreadyRunning=false}[39m[22m
[2m[36m[09:51:39][39m[22m [34mINFO   [39m [35m[HAG.hvac.state-machine][39m 🔄 [HVAC] State transition triggered by: xstate.init [2m[32m{toState="xstate.init" event={"type":"xstate.init"} indoorTemp=undefined outdoorTemp=undefined systemMode="auto" currentHour=11 isWeekday=false timestamp="2025-07-06T09:51:39.467Z"}[39m[22m
[2m[36m[09:51:39][39m[22m [34mINFO   [39m [35m[HAG.hvac.state-machine][39m [35m[1m🔄 State machine transition[22m[39m [2m[32m{toState="idle" context={"currentHour":11,"isWeekday":false,"systemMode":"auto"} status="active" timestamp="2025-07-06T09:51:39.467Z"}[39m[22m
[2m[36m[09:51:39][39m[22m [34mINFO   [39m [35m[HAG.hvac.state-machine][39m [32m[1m✅ HVAC state machine started[22m[39m [2m[32m{initialState="idle" initialContext={"currentHour":11,"isWeekday":false,"systemMode":"auto"} machineStatus="active" timestamp="2025-07-06T09:51:39.467Z"}[39m[22m
[2m[36m[09:51:39][39m[22m [34mINFO   [39m [35m[HAG.hvac.controller][39m ▶️ HVAC system started
[2m[36m[09:51:39][39m[22m [34mINFO   [39m [35m[HAG.hvac.controller][39m [32m[1m✅ Step 2 completed: HVAC actor system started[22m[39m [2m[32m{currentState="idle"}[39m[22m
[2m[36m[09:51:39][39m[22m [34mINFO   [39m [35m[HAG.hvac.controller][39m 📡 Step 3: Setting up event subscriptions [2m[32m{tempSensor="sensor.1st_floor_hall_multisensor_temperature" outdoorSensor="sensor.openweathermap_temperature"}[39m[22m
[2m[36m[09:51:39][39m[22m [34mINFO   [39m [35m[HAG.home-assistant.client][39m 📡 Subscribing to Home Assistant events [2m[32m{eventType="state_changed"}[39m[22m
[2m[36m[09:51:39][39m[22m [36mDEBUG  [39m [35m[HAG.home-assistant.client][39m Already subscribed to event type [2m[32m{eventType="state_changed"}[39m[22m
[2m[36m[09:51:39][39m[22m [36mDEBUG  [39m [35m[HAG.hvac.controller][39m Event subscriptions configured [2m[32m{watchedEntities=["sensor.1st_floor_hall_multisensor_temperature","sensor.openweathermap_temperature"]}[39m[22m
[2m[36m[09:51:39][39m[22m [34mINFO   [39m [35m[HAG.hvac.controller][39m [32m[1m✅ Step 3 completed: Event subscriptions configured[22m[39m
[2m[36m[09:51:39][39m[22m [34mINFO   [39m [35m[HAG.hvac.controller][39m 🔄 Step 4: Pure event-driven mode (Rust HAG pattern) [2m[32m{approach="event_only" note="System responds only to Home Assistant state change events"}[39m[22m
[2m[36m[09:51:39][39m[22m [34mINFO   [39m [35m[HAG.hvac.controller][39m [32m[1m✅ Step 4 completed: Event-driven mode activated[22m[39m
[2m[36m[09:51:39][39m[22m [34mINFO   [39m [35m[HAG.hvac.controller][39m [33m[1m🎯 Step 5: Triggering initial evaluation[22m[39m [2m[32m{aiEnabled=false}[39m[22m
[2m[36m[09:51:39][39m[22m [34mINFO   [39m [35m[HAG.hvac.controller][39m [33m[1m🎯 Triggering initial evaluation[22m[39m [2m[32m{tempSensor="sensor.1st_floor_hall_multisensor_temperature" aiEnabled=false}[39m[22m
[2m[36m[09:51:39][39m[22m [34mINFO   [39m [35m[HAG.hvac.controller][39m [33m[1m🎯 Performing periodic HVAC evaluation[22m[39m [2m[32m{aiEnabled=false currentState="idle" haConnected=true evaluationType="direct" startTime="2025-07-06T09:51:39.468Z"}[39m[22m
[2m[36m[09:51:39][39m[22m [36mDEBUG  [39m [35m[HAG.hvac.controller][39m [35m[1m⚙️ Starting direct state machine evaluation[22m[39m
[2m[36m[09:51:39][39m[22m [36mDEBUG  [39m [35m[HAG.hvac.controller][39m [32m[1m⚙️ Starting actor-based HVAC evaluation[22m[39m [2m[32m{tempSensor="sensor.1st_floor_hall_multisensor_temperature" outdoorSensor="sensor.openweathermap_temperature" haConnected=true currentState="idle"}[39m[22m
[2m[36m[09:51:39][39m[22m [36mDEBUG  [39m [35m[HAG.hvac.controller][39m 🌡️ Fetching indoor temperature [2m[32m{sensor="sensor.1st_floor_hall_multisensor_temperature"}[39m[22m
[2m[36m[09:51:39][39m[22m [36mDEBUG  [39m [35m[HAG.home-assistant.client][39m [35m[1m🔍 Getting entity state[22m[39m [2m[32m{entityId="sensor.1st_floor_hall_multisensor_temperature"}[39m[22m
[2m[36m[09:51:39][39m[22m [36mDEBUG  [39m [35m[HAG.home-assistant.client][39m 🌐 Making REST API call [2m[32m{url="http://192.168.0.204:8123/api/states/sensor.1st_floor_hall_multisensor_temperature" method="GET" entityId="sensor.1st_floor_hall_multisensor_temperature"}[39m[22m
[2m[36m[09:51:39][39m[22m [36mDEBUG  [39m [35m[HAG.home-assistant.client][39m WebSocket message received [2m[32m{dataType="string" dataLength=53 timestamp="2025-07-06T09:51:39.476Z"}[39m[22m
[2m[36m[09:51:39][39m[22m [36mDEBUG  [39m [35m[HAG.home-assistant.client][39m 📨 Processing WebSocket message [2m[32m{messageType="result" messageId=1 totalMessages=1 timestamp="2025-07-06T09:51:39.477Z"}[39m[22m
[2m[36m[09:51:39][39m[22m [36mDEBUG  [39m [35m[HAG.home-assistant.client][39m [32m[1m✅ Command result: success[22m[39m [2m[32m{messageId=1 result=null}[39m[22m
[2m[36m[09:51:39][39m[22m [36mDEBUG  [39m [35m[HAG.home-assistant.client][39m 🌐 REST API response received [2m[32m{entityId="sensor.1st_floor_hall_multisensor_temperature" status=200 statusText="OK" ok=true}[39m[22m
[2m[36m[09:51:39][39m[22m [34mINFO   [39m [35m[HAG.home-assistant.client][39m [32m[1m✅ Entity state retrieved[22m[39m [2m[32m{entityId="sensor.1st_floor_hall_multisensor_temperature" state="25" friendlyName="1st Floor Hall Multisensor  Temperature" lastChanged="2025-07-06T09:47:02.365Z" lastUpdated="2025-07-06T09:47:02.365Z"}[39m[22m
[2m[36m[09:51:39][39m[22m [36mDEBUG  [39m [35m[HAG.hvac.controller][39m [32m[1m✅ Indoor temperature retrieved[22m[39m [2m[32m{sensor="sensor.1st_floor_hall_multisensor_temperature" temperature=25 unit="°C" lastUpdated="2025-07-06T09:47:02.365Z"}[39m[22m
[2m[36m[09:51:39][39m[22m [36mDEBUG  [39m [35m[HAG.hvac.controller][39m 🌡️ Fetching outdoor temperature [2m[32m{sensor="sensor.openweathermap_temperature"}[39m[22m
[2m[36m[09:51:39][39m[22m [36mDEBUG  [39m [35m[HAG.home-assistant.client][39m [35m[1m🔍 Getting entity state[22m[39m [2m[32m{entityId="sensor.openweathermap_temperature"}[39m[22m
[2m[36m[09:51:39][39m[22m [36mDEBUG  [39m [35m[HAG.home-assistant.client][39m 🌐 Making REST API call [2m[32m{url="http://192.168.0.204:8123/api/states/sensor.openweathermap_temperature" method="GET" entityId="sensor.openweathermap_temperature"}[39m[22m
[2m[36m[09:51:39][39m[22m [36mDEBUG  [39m [35m[HAG.home-assistant.client][39m 🌐 REST API response received [2m[32m{entityId="sensor.openweathermap_temperature" status=200 statusText="OK" ok=true}[39m[22m
[2m[36m[09:51:39][39m[22m [34mINFO   [39m [35m[HAG.home-assistant.client][39m [32m[1m✅ Entity state retrieved[22m[39m [2m[32m{entityId="sensor.openweathermap_temperature" state="28.01" friendlyName="OpenWeatherMap Temperature" lastChanged="2025-07-06T09:36:44.879Z" lastUpdated="2025-07-06T09:36:44.879Z"}[39m[22m
[2m[36m[09:51:39][39m[22m [36mDEBUG  [39m [35m[HAG.hvac.controller][39m [32m[1m✅ Outdoor temperature retrieved[22m[39m [2m[32m{sensor="sensor.openweathermap_temperature" temperature=28.01 unit="°C" lastUpdated="2025-07-06T09:36:44.879Z"}[39m[22m
[2m[36m[09:51:39][39m[22m [34mINFO   [39m [35m[HAG.hvac.controller][39m 🌡️ Temperature data collected [2m[32m{indoorTemp=25 outdoorTemp=28.01 temperatureDifference=-3.0100000000000016 dataFetchTimeMs=23 thresholds={"heating":{"indoorMin":19.7,"indoorMax":20.2,"outdoorMin":-5,"outdoorMax":15},"cooling":{"indoorMin":23,"indoorMax":23.5,"outdoorMin":20,"outdoorMax":45}}}[39m[22m
[2m[36m[09:51:39][39m[22m [36mDEBUG  [39m [35m[HAG.hvac.controller][39m ⚙️ Updating actor with temperature data
[2m[36m[09:51:39][39m[22m [34mINFO   [39m [35m[HAG.hvac.controller][39m [35m[1m🌡️ Updating state machine temperatures[22m[39m [2m[32m{indoor=25 outdoor=28.01 previousIndoor=undefined previousOutdoor=undefined}[39m[22m
[2m[36m[09:51:39][39m[22m [34mINFO   [39m [35m[HAG.hvac.state-machine][39m 🌡️ Updating temperature conditions [2m[32m{indoor=25 outdoor=28.01 previousIndoor=undefined previousOutdoor=undefined indoorChange=undefined outdoorChange=undefined significantChange=false timestamp="2025-07-06T09:51:39.492Z"}[39m[22m
[2m[36m[09:51:39][39m[22m [36mDEBUG  [39m [35m[HAG.hvac.state-machine][39m [35m[1m📤 Sending event to state machine[22m[39m [2m[32m{event={"type":"UPDATE_TEMPERATURES","indoor":25,"outdoor":28.01} eventType="UPDATE_TEMPERATURES" currentState="idle" context={"currentHour":11,"isWeekday":false,"systemMode":"auto"} timestamp="2025-07-06T09:51:39.492Z"}[39m[22m
[2m[36m[09:51:39][39m[22m [34mINFO   [39m [35m[HAG.hvac.state-machine][39m [35m[1m🔄 State machine transition[22m[39m [2m[32m{toState="idle" context={"indoorTemp":25,"outdoorTemp":28.01,"currentHour":11,"isWeekday":false,"systemMode":"auto"} status="active" timestamp="2025-07-06T09:51:39.493Z"}[39m[22m
[2m[36m[09:51:39][39m[22m [36mDEBUG  [39m [35m[HAG.hvac.state-machine][39m 🔄 Event processed without state change [2m[32m{event={"type":"UPDATE_TEMPERATURES","indoor":25,"outdoor":28.01} currentState="idle" contextChanged=true}[39m[22m
[2m[36m[09:51:39][39m[22m [34mINFO   [39m [35m[HAG.hvac.state-machine][39m [33m[1m🎯 Triggering condition evaluation[22m[39m [2m[32m{currentState="idle" hasTemperatureData=true indoorTemp=25 outdoorTemp=28.01 systemMode="auto" currentHour=11 isWeekday=false timestamp="2025-07-06T09:51:39.493Z"}[39m[22m
[2m[36m[09:51:39][39m[22m [34mINFO   [39m [35m[HAG.hvac.state-machine][39m Sending AUTO_EVALUATE event
[2m[36m[09:51:39][39m[22m [36mDEBUG  [39m [35m[HAG.hvac.state-machine][39m [35m[1m📤 Sending event to state machine[22m[39m [2m[32m{event={"type":"AUTO_EVALUATE"} eventType="AUTO_EVALUATE" currentState="idle" context={"indoorTemp":25,"outdoorTemp":28.01,"currentHour":11,"isWeekday":false,"systemMode":"auto"} timestamp="2025-07-06T09:51:39.493Z"}[39m[22m
[2m[36m[09:51:39][39m[22m [34mINFO   [39m [35m[HAG.hvac.state-machine][39m 🔄 [HVAC] State transition triggered by: AUTO_EVALUATE [2m[32m{toState="AUTO_EVALUATE" event={"type":"AUTO_EVALUATE"} indoorTemp=25 outdoorTemp=28.01 systemMode="auto" currentHour=11 isWeekday=false timestamp="2025-07-06T09:51:39.493Z"}[39m[22m
[2m[36m[09:51:39][39m[22m [34mINFO   [39m [35m[HAG.hvac.state-machine][39m Checking shouldAutoHeat guard
[2m[36m[09:51:39][39m[22m [36mDEBUG  [39m [35m[HAG.hvac.heating-strategy][39m [31m[1m🔥 Evaluating heating conditions[22m[39m [2m[32m{currentTemp=25 weatherTemp=28.01 hour=11 isWeekday=false thresholds={"indoorMin":19.7,"indoorMax":20.2,"outdoorMin":-5,"outdoorMax":15} targetTemperature=21}[39m[22m
[2m[36m[09:51:39][39m[22m [36mDEBUG  [39m [35m[HAG.hvac.heating-strategy][39m [31m[1m❌ Heating rejected: indoor temp at/above max[22m[39m [2m[32m{currentTemp=25 indoorMax=20.2 reason="indoor_temp_too_high"}[39m[22m
[2m[36m[09:51:39][39m[22m [34mINFO   [39m [35m[HAG.hvac.state-machine][39m Checking shouldAutoCool guard
[2m[36m[09:51:39][39m[22m [36mDEBUG  [39m [35m[HAG.hvac.cooling-strategy][39m [36m[1m❄️ Evaluating cooling conditions[22m[39m [2m[32m{currentTemp=25 weatherTemp=28.01 hour=11 isWeekday=false thresholds={"indoorMin":23,"indoorMax":23.5,"outdoorMin":20,"outdoorMax":45} targetTemperature=24}[39m[22m
[2m[36m[09:51:39][39m[22m [34mINFO   [39m [35m[HAG.hvac.cooling-strategy][39m [36m[1mEVALUATING cooling[22m[39m [2m[32m{currentTemp=25 indoorMax=23.5 shouldCool=true}[39m[22m
[2m[36m[09:51:39][39m[22m [34mINFO   [39m [35m[HAG.hvac.cooling-strategy][39m [36m[1m✅ Cooling approved[22m[39m [2m[32m{currentTemp=25 indoorMax=23.5 shouldCool=true tempDifference=1.5 evaluationTimeMs=0 reason="temp_above_maximum"}[39m[22m
[2m[36m[09:51:39][39m[22m [34mINFO   [39m [35m[HAG.hvac.state-machine][39m 🔄 [HVAC] State transition triggered by: AUTO_EVALUATE [2m[32m{toState="AUTO_EVALUATE" event={"type":"AUTO_EVALUATE"} indoorTemp=25 outdoorTemp=28.01 systemMode="auto" currentHour=11 isWeekday=false timestamp="2025-07-06T09:51:39.495Z"}[39m[22m
[2m[36m[09:51:39][39m[22m [34mINFO   [39m [35m[HAG.hvac.state-machine][39m [36m[1m❄️ [HVAC] Starting cooling mode[22m[39m [2m[32m{targetTemp=24 indoorTemp=25 outdoorTemp=28.01 presetMode="windFree" thresholds={"indoorMin":23,"indoorMax":23.5,"outdoorMin":20,"outdoorMax":45} timestamp="2025-07-06T09:51:39.495Z"}[39m[22m
[2m[36m[09:51:39][39m[22m [34mINFO   [39m [35m[HAG.hvac.state-machine][39m [36m[1m❄️ Executing cooling mode on entities[22m[39m [2m[32m{targetTemp=24 presetMode="windFree" enabledEntities=2 entities=["climate.living_room_ac","climate.bedroom_ac"]}[39m[22m
[2m[36m[09:51:39][39m[22m [34mINFO   [39m [35m[HAG.hvac.state-machine][39m [35m[1m🔄 State machine transition[22m[39m [2m[32m{toState="cooling" context={"indoorTemp":25,"outdoorTemp":28.01,"currentHour":11,"isWeekday":false,"systemMode":"auto"} status="active" timestamp="2025-07-06T09:51:39.496Z"}[39m[22m
[2m[36m[09:51:39][39m[22m [34mINFO   [39m [35m[HAG.hvac.state-machine][39m ⚙️ Event triggered state transition [2m[32m{event={"type":"AUTO_EVALUATE"} fromState="idle" toState="cooling" contextChanged=false}[39m[22m
[2m[36m[09:51:39][39m[22m [36mDEBUG  [39m [35m[HAG.hvac.controller][39m [32m[1m✅ Actor temperatures updated[22m[39m [2m[32m{newState="cooling" temperatures={"indoor":25,"outdoor":28.01} note="Actor will automatically evaluate and transition states based on temperature data"}[39m[22m
[2m[36m[09:51:39][39m[22m [34mINFO   [39m [35m[HAG.hvac.controller][39m [32m[1m✅ Actor-based evaluation completed[22m[39m [2m[32m{indoorTemp=25 outdoorTemp=28.01 finalState="cooling" evaluationTimeMs=28 success=true}[39m[22m
[2m[36m[09:51:39][39m[22m [34mINFO   [39m [35m[HAG.home-assistant.client][39m 🔧 Calling Home Assistant service [2m[32m{domain="climate" service="set_hvac_mode" entityId="climate.living_room_ac" serviceData={"entity_id":"climate.living_room_ac","hvac_mode":"cool"}}[39m[22m
[2m[36m[09:51:39][39m[22m [36mDEBUG  [39m [35m[HAG.home-assistant.client][39m 📤 Sending service call message [2m[32m{messageId=2 domain="climate" service="set_hvac_mode" target=undefined serviceData={"entity_id":"climate.living_room_ac","hvac_mode":"cool"}}[39m[22m
[2m[36m[09:51:39][39m[22m [36mDEBUG  [39m [35m[HAG.home-assistant.client][39m Attempting to send WebSocket message [2m[32m{messageType="call_service" messageId=2 hasWebSocket=true readyState=1 readyStateString="OPEN" timestamp="2025-07-06T09:51:39.497Z"}[39m[22m
[2m[36m[09:51:39][39m[22m [36mDEBUG  [39m [35m[HAG.home-assistant.client][39m Sending WebSocket message [2m[32m{messageLength=148 messagePreview="{\"id\":2,\"type\":\"call_service\",\"domain\":\"climate\",\"service\":\"set_hvac_mode\",\"service_data\":{\"entity_i"}[39m[22m
[2m[36m[09:51:39][39m[22m [36mDEBUG  [39m [35m[HAG.home-assistant.client][39m WebSocket message sent successfully [2m[32m{messageType="call_service" messageId=2}[39m[22m
[2m[36m[09:51:39][39m[22m [34mINFO   [39m [35m[HAG.hvac.controller][39m [32m[1m✅ Periodic evaluation completed[22m[39m [2m[32m{evaluationType="direct" evaluationTimeMs=30 currentState="cooling" success=true}[39m[22m
[2m[36m[09:51:39][39m[22m [34mINFO   [39m [35m[HAG.home-assistant.client][39m [32m[1m✅ Service called successfully[22m[39m [2m[32m{domain="climate" service="set_hvac_mode" messageId=2}[39m[22m
[2m[36m[09:51:39][39m[22m [34mINFO   [39m [35m[HAG.home-assistant.client][39m 🔧 Calling Home Assistant service [2m[32m{domain="climate" service="set_temperature" entityId="climate.living_room_ac" serviceData={"entity_id":"climate.living_room_ac","temperature":24}}[39m[22m
[2m[36m[09:51:39][39m[22m [36mDEBUG  [39m [35m[HAG.home-assistant.client][39m 📤 Sending service call message [2m[32m{messageId=3 domain="climate" service="set_temperature" target=undefined serviceData={"entity_id":"climate.living_room_ac","temperature":24}}[39m[22m
[2m[36m[09:51:39][39m[22m [36mDEBUG  [39m [35m[HAG.home-assistant.client][39m Attempting to send WebSocket message [2m[32m{messageType="call_service" messageId=3 hasWebSocket=true readyState=1 readyStateString="OPEN" timestamp="2025-07-06T09:51:39.498Z"}[39m[22m
[2m[36m[09:51:39][39m[22m [36mDEBUG  [39m [35m[HAG.home-assistant.client][39m Sending WebSocket message [2m[32m{messageLength=148 messagePreview="{\"id\":3,\"type\":\"call_service\",\"domain\":\"climate\",\"service\":\"set_temperature\",\"service_data\":{\"entity"}[39m[22m
[2m[36m[09:51:39][39m[22m [36mDEBUG  [39m [35m[HAG.home-assistant.client][39m WebSocket message sent successfully [2m[32m{messageType="call_service" messageId=3}[39m[22m
[2m[36m[09:51:39][39m[22m [34mINFO   [39m [35m[HAG.hvac.controller][39m [32m[1m✅ Step 5 completed: Initial evaluation triggered[22m[39m
[2m[36m[09:51:39][39m[22m [34mINFO   [39m [35m[HAG.hvac.controller][39m 🏠 HVAC controller started successfully [2m[32m{systemReady=true mode="auto" aiEnabled=false entities=5 currentState="cooling"}[39m[22m
[2m[36m[09:51:39][39m[22m [34mINFO   [39m [35m[HAG.home-assistant.client][39m [32m[1m✅ Service called successfully[22m[39m [2m[32m{domain="climate" service="set_temperature" messageId=3}[39m[22m
[2m[36m[09:51:39][39m[22m [34mINFO   [39m [35m[HAG][39m 🏠 HAG HVAC automation is running...
[2m[36m[09:51:39][39m[22m [34mINFO   [39m [35m[HAG][39m 📊 Press Ctrl+C to stop gracefully
[2m[36m[09:51:39][39m[22m [34mINFO   [39m [35m[HAG.home-assistant.client][39m 🔧 Calling Home Assistant service [2m[32m{domain="climate" service="set_preset_mode" entityId="climate.living_room_ac" serviceData={"entity_id":"climate.living_room_ac","preset_mode":"windFree"}}[39m[22m
[2m[36m[09:51:39][39m[22m [36mDEBUG  [39m [35m[HAG.home-assistant.client][39m 📤 Sending service call message [2m[32m{messageId=4 domain="climate" service="set_preset_mode" target=undefined serviceData={"entity_id":"climate.living_room_ac","preset_mode":"windFree"}}[39m[22m
[2m[36m[09:51:39][39m[22m [36mDEBUG  [39m [35m[HAG.home-assistant.client][39m Attempting to send WebSocket message [2m[32m{messageType="call_service" messageId=4 hasWebSocket=true readyState=1 readyStateString="OPEN" timestamp="2025-07-06T09:51:39.500Z"}[39m[22m
[2m[36m[09:51:39][39m[22m [36mDEBUG  [39m [35m[HAG.home-assistant.client][39m Sending WebSocket message [2m[32m{messageLength=156 messagePreview="{\"id\":4,\"type\":\"call_service\",\"domain\":\"climate\",\"service\":\"set_preset_mode\",\"service_data\":{\"entity"}[39m[22m
[2m[36m[09:51:39][39m[22m [36mDEBUG  [39m [35m[HAG.home-assistant.client][39m WebSocket message sent successfully [2m[32m{messageType="call_service" messageId=4}[39m[22m
[2m[36m[09:51:39][39m[22m [34mINFO   [39m [35m[HAG.home-assistant.client][39m [32m[1m✅ Service called successfully[22m[39m [2m[32m{domain="climate" service="set_preset_mode" messageId=4}[39m[22m
[2m[36m[09:51:39][39m[22m [36mDEBUG  [39m [35m[HAG.hvac.state-machine][39m [33m[1m🎯 HVAC entity control completed[22m[39m [2m[32m{entityId="climate.living_room_ac" mode="cool" temperature=24 presetMode="windFree"}[39m[22m
[2m[36m[09:51:39][39m[22m [34mINFO   [39m [35m[HAG.hvac.state-machine][39m [36m[1m✅ Cooling entity controlled[22m[39m [2m[32m{entityId="climate.living_room_ac" temperature=24 presetMode="windFree"}[39m[22m
[2m[36m[09:51:39][39m[22m [34mINFO   [39m [35m[HAG.home-assistant.client][39m 🔧 Calling Home Assistant service [2m[32m{domain="climate" service="set_hvac_mode" entityId="climate.bedroom_ac" serviceData={"entity_id":"climate.bedroom_ac","hvac_mode":"cool"}}[39m[22m
[2m[36m[09:51:39][39m[22m [36mDEBUG  [39m [35m[HAG.home-assistant.client][39m 📤 Sending service call message [2m[32m{messageId=5 domain="climate" service="set_hvac_mode" target=undefined serviceData={"entity_id":"climate.bedroom_ac","hvac_mode":"cool"}}[39m[22m
[2m[36m[09:51:39][39m[22m [36mDEBUG  [39m [35m[HAG.home-assistant.client][39m Attempting to send WebSocket message [2m[32m{messageType="call_service" messageId=5 hasWebSocket=true readyState=1 readyStateString="OPEN" timestamp="2025-07-06T09:51:39.500Z"}[39m[22m
[2m[36m[09:51:39][39m[22m [36mDEBUG  [39m [35m[HAG.home-assistant.client][39m Sending WebSocket message [2m[32m{messageLength=144 messagePreview="{\"id\":5,\"type\":\"call_service\",\"domain\":\"climate\",\"service\":\"set_hvac_mode\",\"service_data\":{\"entity_i"}[39m[22m
[2m[36m[09:51:39][39m[22m [36mDEBUG  [39m [35m[HAG.home-assistant.client][39m WebSocket message sent successfully [2m[32m{messageType="call_service" messageId=5}[39m[22m
[2m[36m[09:51:39][39m[22m [34mINFO   [39m [35m[HAG.home-assistant.client][39m [32m[1m✅ Service called successfully[22m[39m [2m[32m{domain="climate" service="set_hvac_mode" messageId=5}[39m[22m
[2m[36m[09:51:39][39m[22m [34mINFO   [39m [35m[HAG.home-assistant.client][39m 🔧 Calling Home Assistant service [2m[32m{domain="climate" service="set_temperature" entityId="climate.bedroom_ac" serviceData={"entity_id":"climate.bedroom_ac","temperature":24}}[39m[22m
[2m[36m[09:51:39][39m[22m [36mDEBUG  [39m [35m[HAG.home-assistant.client][39m 📤 Sending service call message [2m[32m{messageId=6 domain="climate" service="set_temperature" target=undefined serviceData={"entity_id":"climate.bedroom_ac","temperature":24}}[39m[22m
[2m[36m[09:51:39][39m[22m [36mDEBUG  [39m [35m[HAG.home-assistant.client][39m Attempting to send WebSocket message [2m[32m{messageType="call_service" messageId=6 hasWebSocket=true readyState=1 readyStateString="OPEN" timestamp="2025-07-06T09:51:39.501Z"}[39m[22m
[2m[36m[09:51:39][39m[22m [36mDEBUG  [39m [35m[HAG.home-assistant.client][39m Sending WebSocket message [2m[32m{messageLength=144 messagePreview="{\"id\":6,\"type\":\"call_service\",\"domain\":\"climate\",\"service\":\"set_temperature\",\"service_data\":{\"entity"}[39m[22m
[2m[36m[09:51:39][39m[22m [36mDEBUG  [39m [35m[HAG.home-assistant.client][39m WebSocket message sent successfully [2m[32m{messageType="call_service" messageId=6}[39m[22m
[2m[36m[09:51:39][39m[22m [34mINFO   [39m [35m[HAG.home-assistant.client][39m [32m[1m✅ Service called successfully[22m[39m [2m[32m{domain="climate" service="set_temperature" messageId=6}[39m[22m
[2m[36m[09:51:39][39m[22m [34mINFO   [39m [35m[HAG.home-assistant.client][39m 🔧 Calling Home Assistant service [2m[32m{domain="climate" service="set_preset_mode" entityId="climate.bedroom_ac" serviceData={"entity_id":"climate.bedroom_ac","preset_mode":"windFree"}}[39m[22m
[2m[36m[09:51:39][39m[22m [36mDEBUG  [39m [35m[HAG.home-assistant.client][39m 📤 Sending service call message [2m[32m{messageId=7 domain="climate" service="set_preset_mode" target=undefined serviceData={"entity_id":"climate.bedroom_ac","preset_mode":"windFree"}}[39m[22m
[2m[36m[09:51:39][39m[22m [36mDEBUG  [39m [35m[HAG.home-assistant.client][39m Attempting to send WebSocket message [2m[32m{messageType="call_service" messageId=7 hasWebSocket=true readyState=1 readyStateString="OPEN" timestamp="2025-07-06T09:51:39.501Z"}[39m[22m
[2m[36m[09:51:39][39m[22m [36mDEBUG  [39m [35m[HAG.home-assistant.client][39m Sending WebSocket message [2m[32m{messageLength=152 messagePreview="{\"id\":7,\"type\":\"call_service\",\"domain\":\"climate\",\"service\":\"set_preset_mode\",\"service_data\":{\"entity"}[39m[22m
[2m[36m[09:51:39][39m[22m [36mDEBUG  [39m [35m[HAG.home-assistant.client][39m WebSocket message sent successfully [2m[32m{messageType="call_service" messageId=7}[39m[22m
[2m[36m[09:51:39][39m[22m [34mINFO   [39m [35m[HAG.home-assistant.client][39m [32m[1m✅ Service called successfully[22m[39m [2m[32m{domain="climate" service="set_preset_mode" messageId=7}[39m[22m
[2m[36m[09:51:39][39m[22m [36mDEBUG  [39m [35m[HAG.hvac.state-machine][39m [33m[1m🎯 HVAC entity control completed[22m[39m [2m[32m{entityId="climate.bedroom_ac" mode="cool" temperature=24 presetMode="windFree"}[39m[22m
[2m[36m[09:51:39][39m[22m [34mINFO   [39m [35m[HAG.hvac.state-machine][39m [36m[1m✅ Cooling entity controlled[22m[39m [2m[32m{entityId="climate.bedroom_ac" temperature=24 presetMode="windFree"}[39m[22m
[2m[36m[09:51:40][39m[22m [36mDEBUG  [39m [35m[HAG.home-assistant.client][39m WebSocket message received [2m[32m{dataType="string" dataLength=1928 timestamp="2025-07-06T09:51:40.869Z"}[39m[22m
[2m[36m[09:51:40][39m[22m [36mDEBUG  [39m [35m[HAG.home-assistant.client][39m 📨 Processing WebSocket message [2m[32m{messageType="event" messageId=1 totalMessages=2 timestamp="2025-07-06T09:51:40.870Z"}[39m[22m
[2m[36m[09:51:40][39m[22m [36mDEBUG  [39m [35m[HAG.home-assistant.client][39m 📨 Received Home Assistant event [2m[32m{eventType="state_changed" entityId="climate.bedroom_ac" eventTime="2025-07-06T09:51:41.032Z" origin="LOCAL" hasData=true}[39m[22m
[2m[36m[09:51:40][39m[22m [36mDEBUG  [39m [35m[HAG.home-assistant.client][39m 🔄 Entity state changed [2m[32m{entityId="climate.bedroom_ac" oldState="off" newState="cool" stateChanged=true timeFired="2025-07-06T09:51:41.032Z" attributes={"hvac_modes":["off","cool","dry","fan_only","auto","heat"],"min_temp":7,"max_temp":35,"fan_modes":["auto","low","medium","high","turbo"],"preset_modes":["windFree"],"swing_modes":["off","both","vertical","horizontal"],"current_temperature":26,"temperature":24,"fan_mode":"auto","preset_mode":null,"swing_mode":"off","drlc_status_duration":0,"drlc_status_start":"1970-01-01T00:00:00Z","drlc_status_override":false,"drlc_status_level":-1,"friendly_name":"Bedroom AC","supported_features":441}}[39m[22m
[2m[36m[09:51:40][39m[22m [36mDEBUG  [39m [35m[HAG.home-assistant.client][39m No handlers registered for event type [2m[32m{eventType="state_changed" availableHandlers=[]}[39m[22m
[2m[36m[09:51:41][39m[22m [36mDEBUG  [39m [35m[HAG.home-assistant.client][39m WebSocket message received [2m[32m{dataType="string" dataLength=158 timestamp="2025-07-06T09:51:41.060Z"}[39m[22m
[2m[36m[09:51:41][39m[22m [36mDEBUG  [39m [35m[HAG.home-assistant.client][39m 📨 Processing WebSocket message [2m[32m{messageType="result" messageId=6 totalMessages=3 timestamp="2025-07-06T09:51:41.060Z"}[39m[22m
[2m[36m[09:51:41][39m[22m [36mDEBUG  [39m [35m[HAG.home-assistant.client][39m [32m[1m✅ Command result: success[22m[39m [2m[32m{messageId=6 result={"context":{"id":"01JZFJC0P2M1SR7MJ8RE8TYHKS","parent_id":null,"user_id":"17fa4a71554745cc9b371ddce17dd504"}}}[39m[22m
[2m[36m[09:51:41][39m[22m [36mDEBUG  [39m [35m[HAG.home-assistant.client][39m WebSocket message received [2m[32m{dataType="string" dataLength=1918 timestamp="2025-07-06T09:51:41.073Z"}[39m[22m
[2m[36m[09:51:41][39m[22m [36mDEBUG  [39m [35m[HAG.home-assistant.client][39m 📨 Processing WebSocket message [2m[32m{messageType="event" messageId=1 totalMessages=4 timestamp="2025-07-06T09:51:41.073Z"}[39m[22m
[2m[36m[09:51:41][39m[22m [36mDEBUG  [39m [35m[HAG.home-assistant.client][39m 📨 Received Home Assistant event [2m[32m{eventType="state_changed" entityId="climate.living_room_ac" eventTime="2025-07-06T09:51:41.235Z" origin="LOCAL" hasData=true}[39m[22m
[2m[36m[09:51:41][39m[22m [36mDEBUG  [39m [35m[HAG.home-assistant.client][39m 🔄 Entity state changed [2m[32m{entityId="climate.living_room_ac" oldState="off" newState="cool" stateChanged=true timeFired="2025-07-06T09:51:41.235Z" attributes={"hvac_modes":["off","cool","dry","fan_only","auto","heat"],"min_temp":7,"max_temp":35,"fan_modes":["auto","low","medium","high","turbo"],"preset_modes":["windFree"],"swing_modes":["off","both","vertical","horizontal"],"current_temperature":25,"temperature":24,"fan_mode":"auto","preset_mode":null,"swing_mode":"off","drlc_status_duration":0,"drlc_status_start":"1970-01-01T00:00:00Z","drlc_status_override":false,"drlc_status_level":-1,"friendly_name":"Living Room AC","supported_features":441}}[39m[22m
[2m[36m[09:51:41][39m[22m [36mDEBUG  [39m [35m[HAG.home-assistant.client][39m No handlers registered for event type [2m[32m{eventType="state_changed" availableHandlers=[]}[39m[22m
[2m[36m[09:51:41][39m[22m [36mDEBUG  [39m [35m[HAG.home-assistant.client][39m WebSocket message received [2m[32m{dataType="string" dataLength=158 timestamp="2025-07-06T09:51:41.099Z"}[39m[22m
[2m[36m[09:51:41][39m[22m [36mDEBUG  [39m [35m[HAG.home-assistant.client][39m 📨 Processing WebSocket message [2m[32m{messageType="result" messageId=2 totalMessages=5 timestamp="2025-07-06T09:51:41.100Z"}[39m[22m
[2m[36m[09:51:41][39m[22m [36mDEBUG  [39m [35m[HAG.home-assistant.client][39m [32m[1m✅ Command result: success[22m[39m [2m[32m{messageId=2 result={"context":{"id":"01JZFJC0MKPZ93KY5CMDNSRMNY","parent_id":null,"user_id":"17fa4a71554745cc9b371ddce17dd504"}}}[39m[22m
[2m[36m[09:51:41][39m[22m [36mDEBUG  [39m [35m[HAG.home-assistant.client][39m WebSocket message received [2m[32m{dataType="string" dataLength=158 timestamp="2025-07-06T09:51:41.194Z"}[39m[22m
[2m[36m[09:51:41][39m[22m [36mDEBUG  [39m [35m[HAG.home-assistant.client][39m 📨 Processing WebSocket message [2m[32m{messageType="result" messageId=4 totalMessages=6 timestamp="2025-07-06T09:51:41.194Z"}[39m[22m
[2m[36m[09:51:41][39m[22m [36mDEBUG  [39m [35m[HAG.home-assistant.client][39m [32m[1m✅ Command result: success[22m[39m [2m[32m{messageId=4 result={"context":{"id":"01JZFJC0NZQC8HA0AXWJ98PFY1","parent_id":null,"user_id":"17fa4a71554745cc9b371ddce17dd504"}}}[39m[22m
[2m[36m[09:51:41][39m[22m [36mDEBUG  [39m [35m[HAG.home-assistant.client][39m WebSocket message received [2m[32m{dataType="string" dataLength=158 timestamp="2025-07-06T09:51:41.202Z"}[39m[22m
[2m[36m[09:51:41][39m[22m [36mDEBUG  [39m [35m[HAG.home-assistant.client][39m 📨 Processing WebSocket message [2m[32m{messageType="result" messageId=7 totalMessages=7 timestamp="2025-07-06T09:51:41.202Z"}[39m[22m
[2m[36m[09:51:41][39m[22m [36mDEBUG  [39m [35m[HAG.home-assistant.client][39m [32m[1m✅ Command result: success[22m[39m [2m[32m{messageId=7 result={"context":{"id":"01JZFJC0P2VR75QPDP3K4WVAQT","parent_id":null,"user_id":"17fa4a71554745cc9b371ddce17dd504"}}}[39m[22m
[2m[36m[09:51:41][39m[22m [36mDEBUG  [39m [35m[HAG.home-assistant.client][39m WebSocket message received [2m[32m{dataType="string" dataLength=158 timestamp="2025-07-06T09:51:41.202Z"}[39m[22m
[2m[36m[09:51:41][39m[22m [36mDEBUG  [39m [35m[HAG.home-assistant.client][39m 📨 Processing WebSocket message [2m[32m{messageType="result" messageId=5 totalMessages=8 timestamp="2025-07-06T09:51:41.202Z"}[39m[22m
[2m[36m[09:51:41][39m[22m [36mDEBUG  [39m [35m[HAG.home-assistant.client][39m [32m[1m✅ Command result: success[22m[39m [2m[32m{messageId=5 result={"context":{"id":"01JZFJC0P0CXXT0629SD2J6371","parent_id":null,"user_id":"17fa4a71554745cc9b371ddce17dd504"}}}[39m[22m
[2m[36m[09:51:41][39m[22m [36mDEBUG  [39m [35m[HAG.home-assistant.client][39m WebSocket message received [2m[32m{dataType="string" dataLength=158 timestamp="2025-07-06T09:51:41.204Z"}[39m[22m
[2m[36m[09:51:41][39m[22m [36mDEBUG  [39m [35m[HAG.home-assistant.client][39m 📨 Processing WebSocket message [2m[32m{messageType="result" messageId=3 totalMessages=9 timestamp="2025-07-06T09:51:41.205Z"}[39m[22m
[2m[36m[09:51:41][39m[22m [36mDEBUG  [39m [35m[HAG.home-assistant.client][39m [32m[1m✅ Command result: success[22m[39m [2m[32m{messageId=3 result={"context":{"id":"01JZFJC0NYY7QR5QK2BNWYB8YT","parent_id":null,"user_id":"17fa4a71554745cc9b371ddce17dd504"}}}[39m[22m
[2m[36m[09:51:42][39m[22m [36mDEBUG  [39m [35m[HAG.home-assistant.client][39m WebSocket message received [2m[32m{dataType="string" dataLength=1181 timestamp="2025-07-06T09:51:42.676Z"}[39m[22m
[2m[36m[09:51:42][39m[22m [36mDEBUG  [39m [35m[HAG.home-assistant.client][39m 📨 Processing WebSocket message [2m[32m{messageType="event" messageId=1 totalMessages=10 timestamp="2025-07-06T09:51:42.677Z"}[39m[22m
[2m[36m[09:51:42][39m[22m [36mDEBUG  [39m [35m[HAG.home-assistant.client][39m 📨 Received Home Assistant event [2m[32m{eventType="state_changed" entityId="sensor.shellyem_34945473e42f_channel_1_power" eventTime="2025-07-06T09:51:42.837Z" origin="LOCAL" hasData=true}[39m[22m
[2m[36m[09:51:42][39m[22m [36mDEBUG  [39m [35m[HAG.home-assistant.client][39m 🔄 Entity state changed [2m[32m{entityId="sensor.shellyem_34945473e42f_channel_1_power" oldState="-87.92" newState="-86.63" stateChanged=true timeFired="2025-07-06T09:51:42.837Z" attributes={"state_class":"measurement","unit_of_measurement":"W","device_class":"power","friendly_name":"House Shelly EM AC power"}}[39m[22m
[2m[36m[09:51:42][39m[22m [36mDEBUG  [39m [35m[HAG.home-assistant.client][39m No handlers registered for event type [2m[32m{eventType="state_changed" availableHandlers=[]}[39m[22m
[2m[36m[09:51:42][39m[22m [36mDEBUG  [39m [35m[HAG.home-assistant.client][39m WebSocket message received [2m[32m{dataType="string" dataLength=1195 timestamp="2025-07-06T09:51:42.679Z"}[39m[22m
[2m[36m[09:51:42][39m[22m [36mDEBUG  [39m [35m[HAG.home-assistant.client][39m 📨 Processing WebSocket message [2m[32m{messageType="event" messageId=1 totalMessages=11 timestamp="2025-07-06T09:51:42.680Z"}[39m[22m
[2m[36m[09:51:42][39m[22m [36mDEBUG  [39m [35m[HAG.home-assistant.client][39m 📨 Received Home Assistant event [2m[32m{eventType="state_changed" entityId="sensor.shellyem_34945473e42f_channel_1_voltage" eventTime="2025-07-06T09:51:42.838Z" origin="LOCAL" hasData=true}[39m[22m
[2m[36m[09:51:42][39m[22m [36mDEBUG  [39m [35m[HAG.home-assistant.client][39m 🔄 Entity state changed [2m[32m{entityId="sensor.shellyem_34945473e42f_channel_1_voltage" oldState="245.08" newState="244.95" stateChanged=true timeFired="2025-07-06T09:51:42.838Z" attributes={"state_class":"measurement","unit_of_measurement":"V","device_class":"voltage","friendly_name":"House Shelly EM AC voltage"}}[39m[22m
[2m[36m[09:51:42][39m[22m [36mDEBUG  [39m [35m[HAG.home-assistant.client][39m No handlers registered for event type [2m[32m{eventType="state_changed" availableHandlers=[]}[39m[22m
[2m[36m[09:51:42][39m[22m [36mDEBUG  [39m [35m[HAG.home-assistant.client][39m WebSocket message received [2m[32m{dataType="string" dataLength=1176 timestamp="2025-07-06T09:51:42.680Z"}[39m[22m
[2m[36m[09:51:42][39m[22m [36mDEBUG  [39m [35m[HAG.home-assistant.client][39m 📨 Processing WebSocket message [2m[32m{messageType="event" messageId=1 totalMessages=12 timestamp="2025-07-06T09:51:42.680Z"}[39m[22m
[2m[36m[09:51:42][39m[22m [36mDEBUG  [39m [35m[HAG.home-assistant.client][39m 📨 Received Home Assistant event [2m[32m{eventType="state_changed" entityId="sensor.shellyem_34945473e42f_channel_1_power_factor" eventTime="2025-07-06T09:51:42.838Z" origin="LOCAL" hasData=true}[39m[22m
[2m[36m[09:51:42][39m[22m [36mDEBUG  [39m [35m[HAG.home-assistant.client][39m 🔄 Entity state changed [2m[32m{entityId="sensor.shellyem_34945473e42f_channel_1_power_factor" oldState="-0.53" newState="-0.51" stateChanged=true timeFired="2025-07-06T09:51:42.838Z" attributes={"state_class":"measurement","device_class":"power_factor","friendly_name":"House Shelly EM AC power factor"}}[39m[22m
[2m[36m[09:51:42][39m[22m [36mDEBUG  [39m [35m[HAG.home-assistant.client][39m No handlers registered for event type [2m[32m{eventType="state_changed" availableHandlers=[]}[39m[22m
[2m[36m[09:51:42][39m[22m [36mDEBUG  [39m [35m[HAG.home-assistant.client][39m WebSocket message received [2m[32m{dataType="string" dataLength=1209 timestamp="2025-07-06T09:51:42.680Z"}[39m[22m
[2m[36m[09:51:42][39m[22m [36mDEBUG  [39m [35m[HAG.home-assistant.client][39m 📨 Processing WebSocket message [2m[32m{messageType="event" messageId=1 totalMessages=13 timestamp="2025-07-06T09:51:42.680Z"}[39m[22m
[2m[36m[09:51:42][39m[22m [36mDEBUG  [39m [35m[HAG.home-assistant.client][39m 📨 Received Home Assistant event [2m[32m{eventType="state_changed" entityId="sensor.shellyem_34945473e42f_channel_2_voltage" eventTime="2025-07-06T09:51:42.838Z" origin="LOCAL" hasData=true}[39m[22m
[2m[36m[09:51:42][39m[22m [36mDEBUG  [39m [35m[HAG.home-assistant.client][39m 🔄 Entity state changed [2m[32m{entityId="sensor.shellyem_34945473e42f_channel_2_voltage" oldState="245.08" newState="244.95" stateChanged=true timeFired="2025-07-06T09:51:42.838Z" attributes={"state_class":"measurement","unit_of_measurement":"V","device_class":"voltage","friendly_name":"House Shelly EM channel 2 voltage"}}[39m[22m
[2m[36m[09:51:42][39m[22m [36mDEBUG  [39m [35m[HAG.home-assistant.client][39m No handlers registered for event type [2m[32m{eventType="state_changed" availableHandlers=[]}[39m[22m
[2m[36m[09:51:42][39m[22m [36mDEBUG  [39m [35m[HAG.home-assistant.client][39m WebSocket message received [2m[32m{dataType="string" dataLength=1935 timestamp="2025-07-06T09:51:42.681Z"}[39m[22m
[2m[36m[09:51:42][39m[22m [36mDEBUG  [39m [35m[HAG.home-assistant.client][39m 📨 Processing WebSocket message [2m[32m{messageType="event" messageId=1 totalMessages=14 timestamp="2025-07-06T09:51:42.681Z"}[39m[22m
[2m[36m[09:51:42][39m[22m [36mDEBUG  [39m [35m[HAG.home-assistant.client][39m 📨 Received Home Assistant event [2m[32m{eventType="state_changed" entityId="climate.bedroom_ac" eventTime="2025-07-06T09:51:42.843Z" origin="LOCAL" hasData=true}[39m[22m
[2m[36m[09:51:42][39m[22m [36mDEBUG  [39m [35m[HAG.home-assistant.client][39m 🔄 Entity state changed [2m[32m{entityId="climate.bedroom_ac" oldState="cool" newState="cool" stateChanged=false timeFired="2025-07-06T09:51:42.843Z" attributes={"hvac_modes":["off","cool","dry","fan_only","auto","heat"],"min_temp":7,"max_temp":35,"fan_modes":["auto","low","medium","high","turbo"],"preset_modes":["windFree"],"swing_modes":["off","both","vertical","horizontal"],"current_temperature":26,"temperature":24,"fan_mode":"auto","preset_mode":"windFree","swing_mode":"off","drlc_status_duration":0,"drlc_status_start":"1970-01-01T00:00:00Z","drlc_status_override":false,"drlc_status_level":-1,"friendly_name":"Bedroom AC","supported_features":441}}[39m[22m
[2m[36m[09:51:42][39m[22m [36mDEBUG  [39m [35m[HAG.home-assistant.client][39m No handlers registered for event type [2m[32m{eventType="state_changed" availableHandlers=[]}[39m[22m
[2m[36m[09:51:42][39m[22m [36mDEBUG  [39m [35m[HAG.home-assistant.client][39m WebSocket message received [2m[32m{dataType="string" dataLength=1955 timestamp="2025-07-06T09:51:42.798Z"}[39m[22m
[2m[36m[09:51:42][39m[22m [36mDEBUG  [39m [35m[HAG.home-assistant.client][39m 📨 Processing WebSocket message [2m[32m{messageType="event" messageId=1 totalMessages=15 timestamp="2025-07-06T09:51:42.798Z"}[39m[22m
[2m[36m[09:51:42][39m[22m [36mDEBUG  [39m [35m[HAG.home-assistant.client][39m 📨 Received Home Assistant event [2m[32m{eventType="state_changed" entityId="climate.living_room_ac" eventTime="2025-07-06T09:51:42.960Z" origin="LOCAL" hasData=true}[39m[22m
[2m[36m[09:51:42][39m[22m [36mDEBUG  [39m [35m[HAG.home-assistant.client][39m 🔄 Entity state changed [2m[32m{entityId="climate.living_room_ac" oldState="cool" newState="cool" stateChanged=false timeFired="2025-07-06T09:51:42.960Z" attributes={"hvac_modes":["off","cool","dry","fan_only","auto","heat"],"min_temp":7,"max_temp":35,"fan_modes":["auto","low","medium","high","turbo"],"preset_modes":["windFree"],"swing_modes":["off","both","vertical","horizontal"],"current_temperature":25,"temperature":24,"fan_mode":"auto","preset_mode":"windFree","swing_mode":"off","drlc_status_duration":0,"drlc_status_start":"1970-01-01T00:00:00Z","drlc_status_override":false,"drlc_status_level":-1,"friendly_name":"Living Room AC","supported_features":441}}[39m[22m
[2m[36m[09:51:42][39m[22m [36mDEBUG  [39m [35m[HAG.home-assistant.client][39m No handlers registered for event type [2m[32m{eventType="state_changed" availableHandlers=[]}[39m[22m
[2m[36m[09:51:43][39m[22m [36mDEBUG  [39m [35m[HAG.home-assistant.client][39m WebSocket message received [2m[32m{dataType="string" dataLength=1078 timestamp="2025-07-06T09:51:43.389Z"}[39m[22m
[2m[36m[09:51:43][39m[22m [36mDEBUG  [39m [35m[HAG.home-assistant.client][39m 📨 Processing WebSocket message [2m[32m{messageType="event" messageId=1 totalMessages=16 timestamp="2025-07-06T09:51:43.390Z"}[39m[22m
[2m[36m[09:51:43][39m[22m [36mDEBUG  [39m [35m[HAG.home-assistant.client][39m 📨 Received Home Assistant event [2m[32m{eventType="state_changed" entityId="sensor.solax_inverter_voltage" eventTime="2025-07-06T09:51:43.547Z" origin="LOCAL" hasData=true}[39m[22m
[2m[36m[09:51:43][39m[22m [36mDEBUG  [39m [35m[HAG.home-assistant.client][39m 🔄 Entity state changed [2m[32m{entityId="sensor.solax_inverter_voltage" oldState="241.5" newState="241.3" stateChanged=true timeFired="2025-07-06T09:51:43.547Z" attributes={"unit_of_measurement":"V","device_class":"voltage","friendly_name":"SolaX Inverter Voltage"}}[39m[22m
[2m[36m[09:51:43][39m[22m [36mDEBUG  [39m [35m[HAG.home-assistant.client][39m No handlers registered for event type [2m[32m{eventType="state_changed" availableHandlers=[]}[39m[22m
[2m[36m[09:51:43][39m[22m [36mDEBUG  [39m [35m[HAG.home-assistant.client][39m WebSocket message received [2m[32m{dataType="string" dataLength=1074 timestamp="2025-07-06T09:51:43.390Z"}[39m[22m
[2m[36m[09:51:43][39m[22m [36mDEBUG  [39m [35m[HAG.home-assistant.client][39m 📨 Processing WebSocket message [2m[32m{messageType="event" messageId=1 totalMessages=17 timestamp="2025-07-06T09:51:43.390Z"}[39m[22m
[2m[36m[09:51:43][39m[22m [36mDEBUG  [39m [35m[HAG.home-assistant.client][39m 📨 Received Home Assistant event [2m[32m{eventType="state_changed" entityId="sensor.solax_inverter_current" eventTime="2025-07-06T09:51:43.547Z" origin="LOCAL" hasData=true}[39m[22m
[2m[36m[09:51:43][39m[22m [36mDEBUG  [39m [35m[HAG.home-assistant.client][39m 🔄 Entity state changed [2m[32m{entityId="sensor.solax_inverter_current" oldState="7.4" newState="7.7" stateChanged=true timeFired="2025-07-06T09:51:43.547Z" attributes={"unit_of_measurement":"A","device_class":"current","friendly_name":"SolaX Inverter Current"}}[39m[22m
[2m[36m[09:51:43][39m[22m [36mDEBUG  [39m [35m[HAG.home-assistant.client][39m No handlers registered for event type [2m[32m{eventType="state_changed" availableHandlers=[]}[39m[22m
[2m[36m[09:51:43][39m[22m [36mDEBUG  [39m [35m[HAG.home-assistant.client][39m WebSocket message received [2m[32m{dataType="string" dataLength=1124 timestamp="2025-07-06T09:51:43.390Z"}[39m[22m
[2m[36m[09:51:43][39m[22m [36mDEBUG  [39m [35m[HAG.home-assistant.client][39m 📨 Processing WebSocket message [2m[32m{messageType="event" messageId=1 totalMessages=18 timestamp="2025-07-06T09:51:43.390Z"}[39m[22m
[2m[36m[09:51:43][39m[22m [36mDEBUG  [39m [35m[HAG.home-assistant.client][39m 📨 Received Home Assistant event [2m[32m{eventType="state_changed" entityId="sensor.solax_inverter_power_2" eventTime="2025-07-06T09:51:43.547Z" origin="LOCAL" hasData=true}[39m[22m
[2m[36m[09:51:43][39m[22m [36mDEBUG  [39m [35m[HAG.home-assistant.client][39m 🔄 Entity state changed [2m[32m{entityId="sensor.solax_inverter_power_2" oldState="5423" newState="5635" stateChanged=true timeFired="2025-07-06T09:51:43.547Z" attributes={"state_class":"measurement","unit_of_measurement":"W","device_class":"power","friendly_name":"SolaX Inverter Power"}}[39m[22m
[2m[36m[09:51:43][39m[22m [36mDEBUG  [39m [35m[HAG.home-assistant.client][39m No handlers registered for event type [2m[32m{eventType="state_changed" availableHandlers=[]}[39m[22m
[2m[36m[09:51:43][39m[22m [36mDEBUG  [39m [35m[HAG.home-assistant.client][39m WebSocket message received [2m[32m{dataType="string" dataLength=1058 timestamp="2025-07-06T09:51:43.391Z"}[39m[22m
[2m[36m[09:51:43][39m[22m [36mDEBUG  [39m [35m[HAG.home-assistant.client][39m 📨 Processing WebSocket message [2m[32m{messageType="event" messageId=1 totalMessages=19 timestamp="2025-07-06T09:51:43.391Z"}[39m[22m
[2m[36m[09:51:43][39m[22m [36mDEBUG  [39m [35m[HAG.home-assistant.client][39m 📨 Received Home Assistant event [2m[32m{eventType="state_changed" entityId="sensor.solax_pv_voltage_1" eventTime="2025-07-06T09:51:43.547Z" origin="LOCAL" hasData=true}[39m[22m
[2m[36m[09:51:43][39m[22m [36mDEBUG  [39m [35m[HAG.home-assistant.client][39m 🔄 Entity state changed [2m[32m{entityId="sensor.solax_pv_voltage_1" oldState="489.5" newState="492.8" stateChanged=true timeFired="2025-07-06T09:51:43.547Z" attributes={"unit_of_measurement":"V","device_class":"voltage","friendly_name":"SolaX PV Voltage 1"}}[39m[22m
[2m[36m[09:51:43][39m[22m [36mDEBUG  [39m [35m[HAG.home-assistant.client][39m No handlers registered for event type [2m[32m{eventType="state_changed" availableHandlers=[]}[39m[22m
[2m[36m[09:51:43][39m[22m [36mDEBUG  [39m [35m[HAG.home-assistant.client][39m WebSocket message received [2m[32m{dataType="string" dataLength=1104 timestamp="2025-07-06T09:51:43.391Z"}[39m[22m
[2m[36m[09:51:43][39m[22m [36mDEBUG  [39m [35m[HAG.home-assistant.client][39m 📨 Processing WebSocket message [2m[32m{messageType="event" messageId=1 totalMessages=20 timestamp="2025-07-06T09:51:43.391Z"}[39m[22m
[2m[36m[09:51:43][39m[22m [36mDEBUG  [39m [35m[HAG.home-assistant.client][39m 📨 Received Home Assistant event [2m[32m{eventType="state_changed" entityId="sensor.solax_pv_current_1" eventTime="2025-07-06T09:51:43.547Z" origin="LOCAL" hasData=true}[39m[22m
[2m[36m[09:51:43][39m[22m [36mDEBUG  [39m [35m[HAG.home-assistant.client][39m 🔄 Entity state changed [2m[32m{entityId="sensor.solax_pv_current_1" oldState="11.0" newState="11.4" stateChanged=true timeFired="2025-07-06T09:51:43.547Z" attributes={"unit_of_measurement":"A","device_class":"current","icon":"mdi:current-dc","friendly_name":"SolaX PV Current 1"}}[39m[22m
[2m[36m[09:51:43][39m[22m [36mDEBUG  [39m [35m[HAG.home-assistant.client][39m No handlers registered for event type [2m[32m{eventType="state_changed" availableHandlers=[]}[39m[22m
[2m[36m[09:51:43][39m[22m [36mDEBUG  [39m [35m[HAG.home-assistant.client][39m WebSocket message received [2m[32m{dataType="string" dataLength=1102 timestamp="2025-07-06T09:51:43.391Z"}[39m[22m
[2m[36m[09:51:43][39m[22m [36mDEBUG  [39m [35m[HAG.home-assistant.client][39m 📨 Processing WebSocket message [2m[32m{messageType="event" messageId=1 totalMessages=21 timestamp="2025-07-06T09:51:43.391Z"}[39m[22m
[2m[36m[09:51:43][39m[22m [36mDEBUG  [39m [35m[HAG.home-assistant.client][39m 📨 Received Home Assistant event [2m[32m{eventType="state_changed" entityId="sensor.solax_inverter_frequency_2" eventTime="2025-07-06T09:51:43.547Z" origin="LOCAL" hasData=true}[39m[22m
[2m[36m[09:51:43][39m[22m [36mDEBUG  [39m [35m[HAG.home-assistant.client][39m 🔄 Entity state changed [2m[32m{entityId="sensor.solax_inverter_frequency_2" oldState="50.03" newState="50.02" stateChanged=true timeFired="2025-07-06T09:51:43.547Z" attributes={"state_class":"measurement","unit_of_measurement":"Hz","friendly_name":"SolaX Inverter Frequency"}}[39m[22m
[2m[36m[09:51:43][39m[22m [36mDEBUG  [39m [35m[HAG.home-assistant.client][39m No handlers registered for event type [2m[32m{eventType="state_changed" availableHandlers=[]}[39m[22m
[2m[36m[09:51:43][39m[22m [36mDEBUG  [39m [35m[HAG.home-assistant.client][39m WebSocket message received [2m[32m{dataType="string" dataLength=1164 timestamp="2025-07-06T09:51:43.391Z"}[39m[22m
[2m[36m[09:51:43][39m[22m [36mDEBUG  [39m [35m[HAG.home-assistant.client][39m 📨 Processing WebSocket message [2m[32m{messageType="event" messageId=1 totalMessages=22 timestamp="2025-07-06T09:51:43.391Z"}[39m[22m
[2m[36m[09:51:43][39m[22m [36mDEBUG  [39m [35m[HAG.home-assistant.client][39m 📨 Received Home Assistant event [2m[32m{eventType="state_changed" entityId="sensor.solax_pv_power_1" eventTime="2025-07-06T09:51:43.548Z" origin="LOCAL" hasData=true}[39m[22m
[2m[36m[09:51:43][39m[22m [36mDEBUG  [39m [35m[HAG.home-assistant.client][39m 🔄 Entity state changed [2m[32m{entityId="sensor.solax_pv_power_1" oldState="5412" newState="5627" stateChanged=true timeFired="2025-07-06T09:51:43.548Z" attributes={"state_class":"measurement","unit_of_measurement":"W","device_class":"power","icon":"mdi:solar-power-variant","friendly_name":"SolaX PV Power 1"}}[39m[22m
[2m[36m[09:51:43][39m[22m [36mDEBUG  [39m [35m[HAG.home-assistant.client][39m No handlers registered for event type [2m[32m{eventType="state_changed" availableHandlers=[]}[39m[22m
[2m[36m[09:51:43][39m[22m [36mDEBUG  [39m [35m[HAG.home-assistant.client][39m WebSocket message received [2m[32m{dataType="string" dataLength=1205 timestamp="2025-07-06T09:51:43.391Z"}[39m[22m
[2m[36m[09:51:43][39m[22m [36mDEBUG  [39m [35m[HAG.home-assistant.client][39m 📨 Processing WebSocket message [2m[32m{messageType="event" messageId=1 totalMessages=23 timestamp="2025-07-06T09:51:43.391Z"}[39m[22m
[2m[36m[09:51:43][39m[22m [36mDEBUG  [39m [35m[HAG.home-assistant.client][39m 📨 Received Home Assistant event [2m[32m{eventType="state_changed" entityId="sensor.solax_battery_power_charge" eventTime="2025-07-06T09:51:43.548Z" origin="LOCAL" hasData=true}[39m[22m
[2m[36m[09:51:43][39m[22m [36mDEBUG  [39m [35m[HAG.home-assistant.client][39m 🔄 Entity state changed [2m[32m{entityId="sensor.solax_battery_power_charge" oldState="-11" newState="-8" stateChanged=true timeFired="2025-07-06T09:51:43.548Z" attributes={"state_class":"measurement","unit_of_measurement":"W","device_class":"power","icon":"mdi:battery-charging","friendly_name":"SolaX Battery Power Charge"}}[39m[22m
[2m[36m[09:51:43][39m[22m [36mDEBUG  [39m [35m[HAG.home-assistant.client][39m No handlers registered for event type [2m[32m{eventType="state_changed" availableHandlers=[]}[39m[22m
[2m[36m[09:51:43][39m[22m [36mDEBUG  [39m [35m[HAG.home-assistant.client][39m WebSocket message received [2m[32m{dataType="string" dataLength=1118 timestamp="2025-07-06T09:51:43.392Z"}[39m[22m
[2m[36m[09:51:43][39m[22m [36mDEBUG  [39m [35m[HAG.home-assistant.client][39m 📨 Processing WebSocket message [2m[32m{messageType="event" messageId=1 totalMessages=24 timestamp="2025-07-06T09:51:43.392Z"}[39m[22m
[2m[36m[09:51:43][39m[22m [36mDEBUG  [39m [35m[HAG.home-assistant.client][39m 📨 Received Home Assistant event [2m[32m{eventType="state_changed" entityId="sensor.solax_measured_power" eventTime="2025-07-06T09:51:43.548Z" origin="LOCAL" hasData=true}[39m[22m
[2m[36m[09:51:43][39m[22m [36mDEBUG  [39m [35m[HAG.home-assistant.client][39m 🔄 Entity state changed [2m[32m{entityId="sensor.solax_measured_power" oldState="4920" newState="5136" stateChanged=true timeFired="2025-07-06T09:51:43.548Z" attributes={"state_class":"measurement","unit_of_measurement":"W","device_class":"power","friendly_name":"SolaX Measured Power"}}[39m[22m
[2m[36m[09:51:43][39m[22m [36mDEBUG  [39m [35m[HAG.home-assistant.client][39m No handlers registered for event type [2m[32m{eventType="state_changed" availableHandlers=[]}[39m[22m
[2m[36m[09:51:43][39m[22m [36mDEBUG  [39m [35m[HAG.home-assistant.client][39m WebSocket message received [2m[32m{dataType="string" dataLength=1099 timestamp="2025-07-06T09:51:43.392Z"}[39m[22m
[2m[36m[09:51:43][39m[22m [36mDEBUG  [39m [35m[HAG.home-assistant.client][39m 📨 Processing WebSocket message [2m[32m{messageType="event" messageId=1 totalMessages=25 timestamp="2025-07-06T09:51:43.392Z"}[39m[22m
[2m[36m[09:51:43][39m[22m [36mDEBUG  [39m [35m[HAG.home-assistant.client][39m 📨 Received Home Assistant event [2m[32m{eventType="state_changed" entityId="sensor.solax_inverter_voltage_l1_2" eventTime="2025-07-06T09:51:43.548Z" origin="LOCAL" hasData=true}[39m[22m
[2m[36m[09:51:43][39m[22m [36mDEBUG  [39m [35m[HAG.home-assistant.client][39m 🔄 Entity state changed [2m[32m{entityId="sensor.solax_inverter_voltage_l1_2" oldState="241.5" newState="241.3" stateChanged=true timeFired="2025-07-06T09:51:43.548Z" attributes={"unit_of_measurement":"V","device_class":"voltage","friendly_name":"SolaX Inverter Voltage L1"}}[39m[22m
[2m[36m[09:51:43][39m[22m [36mDEBUG  [39m [35m[HAG.home-assistant.client][39m No handlers registered for event type [2m[32m{eventType="state_changed" availableHandlers=[]}[39m[22m
[2m[36m[09:51:43][39m[22m [36mDEBUG  [39m [35m[HAG.home-assistant.client][39m WebSocket message received [2m[32m{dataType="string" dataLength=1095 timestamp="2025-07-06T09:51:43.393Z"}[39m[22m
[2m[36m[09:51:43][39m[22m [36mDEBUG  [39m [35m[HAG.home-assistant.client][39m 📨 Processing WebSocket message [2m[32m{messageType="event" messageId=1 totalMessages=26 timestamp="2025-07-06T09:51:43.393Z"}[39m[22m
[2m[36m[09:51:43][39m[22m [36mDEBUG  [39m [35m[HAG.home-assistant.client][39m 📨 Received Home Assistant event [2m[32m{eventType="state_changed" entityId="sensor.solax_inverter_current_l1_2" eventTime="2025-07-06T09:51:43.548Z" origin="LOCAL" hasData=true}[39m[22m
[2m[36m[09:51:43][39m[22m [36mDEBUG  [39m [35m[HAG.home-assistant.client][39m 🔄 Entity state changed [2m[32m{entityId="sensor.solax_inverter_current_l1_2" oldState="7.4" newState="7.7" stateChanged=true timeFired="2025-07-06T09:51:43.548Z" attributes={"unit_of_measurement":"A","device_class":"current","friendly_name":"SolaX Inverter Current L1"}}[39m[22m
[2m[36m[09:51:43][39m[22m [36mDEBUG  [39m [35m[HAG.home-assistant.client][39m No handlers registered for event type [2m[32m{eventType="state_changed" availableHandlers=[]}[39m[22m
[2m[36m[09:51:43][39m[22m [36mDEBUG  [39m [35m[HAG.home-assistant.client][39m WebSocket message received [2m[32m{dataType="string" dataLength=1139 timestamp="2025-07-06T09:51:43.394Z"}[39m[22m
[2m[36m[09:51:43][39m[22m [36mDEBUG  [39m [35m[HAG.home-assistant.client][39m 📨 Processing WebSocket message [2m[32m{messageType="event" messageId=1 totalMessages=27 timestamp="2025-07-06T09:51:43.394Z"}[39m[22m
[2m[36m[09:51:43][39m[22m [36mDEBUG  [39m [35m[HAG.home-assistant.client][39m 📨 Received Home Assistant event [2m[32m{eventType="state_changed" entityId="sensor.solax_inverter_power_l1_2" eventTime="2025-07-06T09:51:43.548Z" origin="LOCAL" hasData=true}[39m[22m
[2m[36m[09:51:43][39m[22m [36mDEBUG  [39m [35m[HAG.home-assistant.client][39m 🔄 Entity state changed [2m[32m{entityId="sensor.solax_inverter_power_l1_2" oldState="1786" newState="1844" stateChanged=true timeFired="2025-07-06T09:51:43.548Z" attributes={"state_class":"measurement","unit_of_measurement":"W","device_class":"power","friendly_name":"SolaX Inverter Power L1"}}[39m[22m
[2m[36m[09:51:43][39m[22m [36mDEBUG  [39m [35m[HAG.home-assistant.client][39m No handlers registered for event type [2m[32m{eventType="state_changed" availableHandlers=[]}[39m[22m
[2m[36m[09:51:43][39m[22m [36mDEBUG  [39m [35m[HAG.home-assistant.client][39m WebSocket message received [2m[32m{dataType="string" dataLength=1099 timestamp="2025-07-06T09:51:43.394Z"}[39m[22m
[2m[36m[09:51:43][39m[22m [36mDEBUG  [39m [35m[HAG.home-assistant.client][39m 📨 Processing WebSocket message [2m[32m{messageType="event" messageId=1 totalMessages=28 timestamp="2025-07-06T09:51:43.395Z"}[39m[22m
[2m[36m[09:51:43][39m[22m [36mDEBUG  [39m [35m[HAG.home-assistant.client][39m 📨 Received Home Assistant event [2m[32m{eventType="state_changed" entityId="sensor.solax_inverter_voltage_l2_2" eventTime="2025-07-06T09:51:43.548Z" origin="LOCAL" hasData=true}[39m[22m
[2m[36m[09:51:43][39m[22m [36mDEBUG  [39m [35m[HAG.home-assistant.client][39m 🔄 Entity state changed [2m[32m{entityId="sensor.solax_inverter_voltage_l2_2" oldState="241.5" newState="241.4" stateChanged=true timeFired="2025-07-06T09:51:43.548Z" attributes={"unit_of_measurement":"V","device_class":"voltage","friendly_name":"SolaX Inverter Voltage L2"}}[39m[22m
[2m[36m[09:51:43][39m[22m [36mDEBUG  [39m [35m[HAG.home-assistant.client][39m No handlers registered for event type [2m[32m{eventType="state_changed" availableHandlers=[]}[39m[22m
[2m[36m[09:51:43][39m[22m [36mDEBUG  [39m [35m[HAG.home-assistant.client][39m WebSocket message received [2m[32m{dataType="string" dataLength=1095 timestamp="2025-07-06T09:51:43.395Z"}[39m[22m
[2m[36m[09:51:43][39m[22m [36mDEBUG  [39m [35m[HAG.home-assistant.client][39m 📨 Processing WebSocket message [2m[32m{messageType="event" messageId=1 totalMessages=29 timestamp="2025-07-06T09:51:43.395Z"}[39m[22m
[2m[36m[09:51:43][39m[22m [36mDEBUG  [39m [35m[HAG.home-assistant.client][39m 📨 Received Home Assistant event [2m[32m{eventType="state_changed" entityId="sensor.solax_inverter_current_l2_2" eventTime="2025-07-06T09:51:43.548Z" origin="LOCAL" hasData=true}[39m[22m
[2m[36m[09:51:43][39m[22m [36mDEBUG  [39m [35m[HAG.home-assistant.client][39m 🔄 Entity state changed [2m[32m{entityId="sensor.solax_inverter_current_l2_2" oldState="8.0" newState="8.3" stateChanged=true timeFired="2025-07-06T09:51:43.548Z" attributes={"unit_of_measurement":"A","device_class":"current","friendly_name":"SolaX Inverter Current L2"}}[39m[22m
[2m[36m[09:51:43][39m[22m [36mDEBUG  [39m [35m[HAG.home-assistant.client][39m No handlers registered for event type [2m[32m{eventType="state_changed" availableHandlers=[]}[39m[22m
[2m[36m[09:51:43][39m[22m [36mDEBUG  [39m [35m[HAG.home-assistant.client][39m WebSocket message received [2m[32m{dataType="string" dataLength=1139 timestamp="2025-07-06T09:51:43.395Z"}[39m[22m
[2m[36m[09:51:43][39m[22m [36mDEBUG  [39m [35m[HAG.home-assistant.client][39m 📨 Processing WebSocket message [2m[32m{messageType="event" messageId=1 totalMessages=30 timestamp="2025-07-06T09:51:43.395Z"}[39m[22m
[2m[36m[09:51:43][39m[22m [36mDEBUG  [39m [35m[HAG.home-assistant.client][39m 📨 Received Home Assistant event [2m[32m{eventType="state_changed" entityId="sensor.solax_inverter_power_l2_2" eventTime="2025-07-06T09:51:43.549Z" origin="LOCAL" hasData=true}[39m[22m
[2m[36m[09:51:43][39m[22m [36mDEBUG  [39m [35m[HAG.home-assistant.client][39m 🔄 Entity state changed [2m[32m{entityId="sensor.solax_inverter_power_l2_2" oldState="1913" newState="1989" stateChanged=true timeFired="2025-07-06T09:51:43.549Z" attributes={"state_class":"measurement","unit_of_measurement":"W","device_class":"power","friendly_name":"SolaX Inverter Power L2"}}[39m[22m
[2m[36m[09:51:43][39m[22m [36mDEBUG  [39m [35m[HAG.home-assistant.client][39m No handlers registered for event type [2m[32m{eventType="state_changed" availableHandlers=[]}[39m[22m
[2m[36m[09:51:43][39m[22m [36mDEBUG  [39m [35m[HAG.home-assistant.client][39m WebSocket message received [2m[32m{dataType="string" dataLength=1099 timestamp="2025-07-06T09:51:43.395Z"}[39m[22m
[2m[36m[09:51:43][39m[22m [36mDEBUG  [39m [35m[HAG.home-assistant.client][39m 📨 Processing WebSocket message [2m[32m{messageType="event" messageId=1 totalMessages=31 timestamp="2025-07-06T09:51:43.395Z"}[39m[22m
[2m[36m[09:51:43][39m[22m [36mDEBUG  [39m [35m[HAG.home-assistant.client][39m 📨 Received Home Assistant event [2m[32m{eventType="state_changed" entityId="sensor.solax_inverter_voltage_l3_2" eventTime="2025-07-06T09:51:43.549Z" origin="LOCAL" hasData=true}[39m[22m
[2m[36m[09:51:43][39m[22m [36mDEBUG  [39m [35m[HAG.home-assistant.client][39m 🔄 Entity state changed [2m[32m{entityId="sensor.solax_inverter_voltage_l3_2" oldState="241.2" newState="241.1" stateChanged=true timeFired="2025-07-06T09:51:43.549Z" attributes={"unit_of_measurement":"V","device_class":"voltage","friendly_name":"SolaX Inverter Voltage L3"}}[39m[22m
[2m[36m[09:51:43][39m[22m [36mDEBUG  [39m [35m[HAG.home-assistant.client][39m No handlers registered for event type [2m[32m{eventType="state_changed" availableHandlers=[]}[39m[22m
[2m[36m[09:51:43][39m[22m [36mDEBUG  [39m [35m[HAG.home-assistant.client][39m WebSocket message received [2m[32m{dataType="string" dataLength=1095 timestamp="2025-07-06T09:51:43.395Z"}[39m[22m
[2m[36m[09:51:43][39m[22m [36mDEBUG  [39m [35m[HAG.home-assistant.client][39m 📨 Processing WebSocket message [2m[32m{messageType="event" messageId=1 totalMessages=32 timestamp="2025-07-06T09:51:43.395Z"}[39m[22m
[2m[36m[09:51:43][39m[22m [36mDEBUG  [39m [35m[HAG.home-assistant.client][39m 📨 Received Home Assistant event [2m[32m{eventType="state_changed" entityId="sensor.solax_inverter_current_l3_2" eventTime="2025-07-06T09:51:43.549Z" origin="LOCAL" hasData=true}[39m[22m
[2m[36m[09:51:43][39m[22m [36mDEBUG  [39m [35m[HAG.home-assistant.client][39m 🔄 Entity state changed [2m[32m{entityId="sensor.solax_inverter_current_l3_2" oldState="7.2" newState="7.5" stateChanged=true timeFired="2025-07-06T09:51:43.549Z" attributes={"unit_of_measurement":"A","device_class":"current","friendly_name":"SolaX Inverter Current L3"}}[39m[22m
[2m[36m[09:51:43][39m[22m [36mDEBUG  [39m [35m[HAG.home-assistant.client][39m No handlers registered for event type [2m[32m{eventType="state_changed" availableHandlers=[]}[39m[22m
[2m[36m[09:51:43][39m[22m [36mDEBUG  [39m [35m[HAG.home-assistant.client][39m WebSocket message received [2m[32m{dataType="string" dataLength=1139 timestamp="2025-07-06T09:51:43.396Z"}[39m[22m
[2m[36m[09:51:43][39m[22m [36mDEBUG  [39m [35m[HAG.home-assistant.client][39m 📨 Processing WebSocket message [2m[32m{messageType="event" messageId=1 totalMessages=33 timestamp="2025-07-06T09:51:43.396Z"}[39m[22m
[2m[36m[09:51:43][39m[22m [36mDEBUG  [39m [35m[HAG.home-assistant.client][39m 📨 Received Home Assistant event [2m[32m{eventType="state_changed" entityId="sensor.solax_inverter_power_l3_2" eventTime="2025-07-06T09:51:43.549Z" origin="LOCAL" hasData=true}[39m[22m
[2m[36m[09:51:43][39m[22m [36mDEBUG  [39m [35m[HAG.home-assistant.client][39m 🔄 Entity state changed [2m[32m{entityId="sensor.solax_inverter_power_l3_2" oldState="1719" newState="1792" stateChanged=true timeFired="2025-07-06T09:51:43.549Z" attributes={"state_class":"measurement","unit_of_measurement":"W","device_class":"power","friendly_name":"SolaX Inverter Power L3"}}[39m[22m
[2m[36m[09:51:43][39m[22m [36mDEBUG  [39m [35m[HAG.home-assistant.client][39m No handlers registered for event type [2m[32m{eventType="state_changed" availableHandlers=[]}[39m[22m
[2m[36m[09:51:43][39m[22m [36mDEBUG  [39m [35m[HAG.home-assistant.client][39m WebSocket message received [2m[32m{dataType="string" dataLength=1133 timestamp="2025-07-06T09:51:43.396Z"}[39m[22m
[2m[36m[09:51:43][39m[22m [36mDEBUG  [39m [35m[HAG.home-assistant.client][39m 📨 Processing WebSocket message [2m[32m{messageType="event" messageId=1 totalMessages=34 timestamp="2025-07-06T09:51:43.396Z"}[39m[22m
[2m[36m[09:51:43][39m[22m [36mDEBUG  [39m [35m[HAG.home-assistant.client][39m 📨 Received Home Assistant event [2m[32m{eventType="state_changed" entityId="sensor.solax_measured_power_l1" eventTime="2025-07-06T09:51:43.549Z" origin="LOCAL" hasData=true}[39m[22m
[2m[36m[09:51:43][39m[22m [36mDEBUG  [39m [35m[HAG.home-assistant.client][39m 🔄 Entity state changed [2m[32m{entityId="sensor.solax_measured_power_l1" oldState="1645" newState="1701" stateChanged=true timeFired="2025-07-06T09:51:43.549Z" attributes={"state_class":"measurement","unit_of_measurement":"W","device_class":"power","friendly_name":"SolaX Measured Power L1"}}[39m[22m
[2m[36m[09:51:43][39m[22m [36mDEBUG  [39m [35m[HAG.home-assistant.client][39m No handlers registered for event type [2m[32m{eventType="state_changed" availableHandlers=[]}[39m[22m
[2m[36m[09:51:43][39m[22m [36mDEBUG  [39m [35m[HAG.home-assistant.client][39m WebSocket message received [2m[32m{dataType="string" dataLength=1133 timestamp="2025-07-06T09:51:43.396Z"}[39m[22m
[2m[36m[09:51:43][39m[22m [36mDEBUG  [39m [35m[HAG.home-assistant.client][39m 📨 Processing WebSocket message [2m[32m{messageType="event" messageId=1 totalMessages=35 timestamp="2025-07-06T09:51:43.396Z"}[39m[22m
[2m[36m[09:51:43][39m[22m [36mDEBUG  [39m [35m[HAG.home-assistant.client][39m 📨 Received Home Assistant event [2m[32m{eventType="state_changed" entityId="sensor.solax_measured_power_l2" eventTime="2025-07-06T09:51:43.549Z" origin="LOCAL" hasData=true}[39m[22m
[2m[36m[09:51:43][39m[22m [36mDEBUG  [39m [35m[HAG.home-assistant.client][39m 🔄 Entity state changed [2m[32m{entityId="sensor.solax_measured_power_l2" oldState="1616" newState="1726" stateChanged=true timeFired="2025-07-06T09:51:43.549Z" attributes={"state_class":"measurement","unit_of_measurement":"W","device_class":"power","friendly_name":"SolaX Measured Power L2"}}[39m[22m
[2m[36m[09:51:43][39m[22m [36mDEBUG  [39m [35m[HAG.home-assistant.client][39m No handlers registered for event type [2m[32m{eventType="state_changed" availableHandlers=[]}[39m[22m
[2m[36m[09:51:43][39m[22m [36mDEBUG  [39m [35m[HAG.home-assistant.client][39m WebSocket message received [2m[32m{dataType="string" dataLength=1133 timestamp="2025-07-06T09:51:43.397Z"}[39m[22m
[2m[36m[09:51:43][39m[22m [36mDEBUG  [39m [35m[HAG.home-assistant.client][39m 📨 Processing WebSocket message [2m[32m{messageType="event" messageId=1 totalMessages=36 timestamp="2025-07-06T09:51:43.397Z"}[39m[22m
[2m[36m[09:51:43][39m[22m [36mDEBUG  [39m [35m[HAG.home-assistant.client][39m 📨 Received Home Assistant event [2m[32m{eventType="state_changed" entityId="sensor.solax_measured_power_l3" eventTime="2025-07-06T09:51:43.549Z" origin="LOCAL" hasData=true}[39m[22m
[2m[36m[09:51:43][39m[22m [36mDEBUG  [39m [35m[HAG.home-assistant.client][39m 🔄 Entity state changed [2m[32m{entityId="sensor.solax_measured_power_l3" oldState="1640" newState="1708" stateChanged=true timeFired="2025-07-06T09:51:43.549Z" attributes={"state_class":"measurement","unit_of_measurement":"W","device_class":"power","friendly_name":"SolaX Measured Power L3"}}[39m[22m
[2m[36m[09:51:43][39m[22m [36mDEBUG  [39m [35m[HAG.home-assistant.client][39m No handlers registered for event type [2m[32m{eventType="state_changed" availableHandlers=[]}[39m[22m
[2m[36m[09:51:43][39m[22m [36mDEBUG  [39m [35m[HAG.home-assistant.client][39m WebSocket message received [2m[32m{dataType="string" dataLength=1085 timestamp="2025-07-06T09:51:43.397Z"}[39m[22m
[2m[36m[09:51:43][39m[22m [36mDEBUG  [39m [35m[HAG.home-assistant.client][39m 📨 Processing WebSocket message [2m[32m{messageType="event" messageId=1 totalMessages=37 timestamp="2025-07-06T09:51:43.397Z"}[39m[22m
[2m[36m[09:51:43][39m[22m [36mDEBUG  [39m [35m[HAG.home-assistant.client][39m 📨 Received Home Assistant event [2m[32m{eventType="state_changed" entityId="sensor.solax_inverter_voltage_l1" eventTime="2025-07-06T09:51:43.549Z" origin="LOCAL" hasData=true}[39m[22m
[2m[36m[09:51:43][39m[22m [36mDEBUG  [39m [35m[HAG.home-assistant.client][39m 🔄 Entity state changed [2m[32m{entityId="sensor.solax_inverter_voltage_l1" oldState="241.8" newState="241.6" stateChanged=true timeFired="2025-07-06T09:51:43.549Z" attributes={"unit_of_measurement":"V","device_class":"voltage","friendly_name":"SolaX Grid Voltage L1"}}[39m[22m
[2m[36m[09:51:43][39m[22m [36mDEBUG  [39m [35m[HAG.home-assistant.client][39m No handlers registered for event type [2m[32m{eventType="state_changed" availableHandlers=[]}[39m[22m
[2m[36m[09:51:43][39m[22m [36mDEBUG  [39m [35m[HAG.home-assistant.client][39m WebSocket message received [2m[32m{dataType="string" dataLength=1085 timestamp="2025-07-06T09:51:43.397Z"}[39m[22m
[2m[36m[09:51:43][39m[22m [36mDEBUG  [39m [35m[HAG.home-assistant.client][39m 📨 Processing WebSocket message [2m[32m{messageType="event" messageId=1 totalMessages=38 timestamp="2025-07-06T09:51:43.398Z"}[39m[22m
[2m[36m[09:51:43][39m[22m [36mDEBUG  [39m [35m[HAG.home-assistant.client][39m 📨 Received Home Assistant event [2m[32m{eventType="state_changed" entityId="sensor.solax_inverter_voltage_l3" eventTime="2025-07-06T09:51:43.549Z" origin="LOCAL" hasData=true}[39m[22m
[2m[36m[09:51:43][39m[22m [36mDEBUG  [39m [35m[HAG.home-assistant.client][39m 🔄 Entity state changed [2m[32m{entityId="sensor.solax_inverter_voltage_l3" oldState="241.9" newState="241.7" stateChanged=true timeFired="2025-07-06T09:51:43.549Z" attributes={"unit_of_measurement":"V","device_class":"voltage","friendly_name":"SolaX Grid Voltage L3"}}[39m[22m
[2m[36m[09:51:43][39m[22m [36mDEBUG  [39m [35m[HAG.home-assistant.client][39m No handlers registered for event type [2m[32m{eventType="state_changed" availableHandlers=[]}[39m[22m
[2m[36m[09:51:43][39m[22m [36mDEBUG  [39m [35m[HAG.home-assistant.client][39m WebSocket message received [2m[32m{dataType="string" dataLength=1169 timestamp="2025-07-06T09:51:43.398Z"}[39m[22m
[2m[36m[09:51:43][39m[22m [36mDEBUG  [39m [35m[HAG.home-assistant.client][39m 📨 Processing WebSocket message [2m[32m{messageType="event" messageId=1 totalMessages=39 timestamp="2025-07-06T09:51:43.398Z"}[39m[22m
[2m[36m[09:51:43][39m[22m [36mDEBUG  [39m [35m[HAG.home-assistant.client][39m 📨 Received Home Assistant event [2m[32m{eventType="state_changed" entityId="sensor.solax_grid_export" eventTime="2025-07-06T09:51:43.550Z" origin="LOCAL" hasData=true}[39m[22m
[2m[36m[09:51:43][39m[22m [36mDEBUG  [39m [35m[HAG.home-assistant.client][39m 🔄 Entity state changed [2m[32m{entityId="sensor.solax_grid_export" oldState="4920" newState="5136" stateChanged=true timeFired="2025-07-06T09:51:43.550Z" attributes={"state_class":"measurement","unit_of_measurement":"W","device_class":"power","icon":"mdi:home-export-outline","friendly_name":"SolaX Grid Export"}}[39m[22m
[2m[36m[09:51:43][39m[22m [36mDEBUG  [39m [35m[HAG.home-assistant.client][39m No handlers registered for event type [2m[32m{eventType="state_changed" availableHandlers=[]}[39m[22m
[2m[36m[09:51:43][39m[22m [36mDEBUG  [39m [35m[HAG.home-assistant.client][39m WebSocket message received [2m[32m{dataType="string" dataLength=1162 timestamp="2025-07-06T09:51:43.398Z"}[39m[22m
[2m[36m[09:51:43][39m[22m [36mDEBUG  [39m [35m[HAG.home-assistant.client][39m 📨 Processing WebSocket message [2m[32m{messageType="event" messageId=1 totalMessages=40 timestamp="2025-07-06T09:51:43.398Z"}[39m[22m
[2m[36m[09:51:43][39m[22m [36mDEBUG  [39m [35m[HAG.home-assistant.client][39m 📨 Received Home Assistant event [2m[32m{eventType="state_changed" entityId="sensor.solax_house_load" eventTime="2025-07-06T09:51:43.550Z" origin="LOCAL" hasData=true}[39m[22m
[2m[36m[09:51:43][39m[22m [36mDEBUG  [39m [35m[HAG.home-assistant.client][39m 🔄 Entity state changed [2m[32m{entityId="sensor.solax_house_load" oldState="503" newState="499" stateChanged=true timeFired="2025-07-06T09:51:43.550Z" attributes={"state_class":"measurement","unit_of_measurement":"W","device_class":"power","icon":"mdi:home-lightning-bolt","friendly_name":"SolaX House Load"}}[39m[22m
[2m[36m[09:51:43][39m[22m [36mDEBUG  [39m [35m[HAG.home-assistant.client][39m No handlers registered for event type [2m[32m{eventType="state_changed" availableHandlers=[]}[39m[22m
[2m[36m[09:51:43][39m[22m [36mDEBUG  [39m [35m[HAG.home-assistant.client][39m WebSocket message received [2m[32m{dataType="string" dataLength=1184 timestamp="2025-07-06T09:51:43.398Z"}[39m[22m
[2m[36m[09:51:43][39m[22m [36mDEBUG  [39m [35m[HAG.home-assistant.client][39m 📨 Processing WebSocket message [2m[32m{messageType="event" messageId=1 totalMessages=41 timestamp="2025-07-06T09:51:43.398Z"}[39m[22m
[2m[36m[09:51:43][39m[22m [36mDEBUG  [39m [35m[HAG.home-assistant.client][39m 📨 Received Home Assistant event [2m[32m{eventType="state_changed" entityId="sensor.solax_pv_power_total" eventTime="2025-07-06T09:51:43.550Z" origin="LOCAL" hasData=true}[39m[22m
[2m[36m[09:51:43][39m[22m [36mDEBUG  [39m [35m[HAG.home-assistant.client][39m 🔄 Entity state changed [2m[32m{entityId="sensor.solax_pv_power_total" oldState="5412" newState="5627" stateChanged=true timeFired="2025-07-06T09:51:43.550Z" attributes={"state_class":"measurement","unit_of_measurement":"W","device_class":"power","icon":"mdi:solar-power-variant","friendly_name":"SolaX PV Power Total"}}[39m[22m
[2m[36m[09:51:43][39m[22m [36mDEBUG  [39m [35m[HAG.home-assistant.client][39m No handlers registered for event type [2m[32m{eventType="state_changed" availableHandlers=[]}[39m[22m
[2m[36m[09:51:44][39m[22m [36mDEBUG  [39m [35m[HAG.home-assistant.client][39m WebSocket message received [2m[32m{dataType="string" dataLength=1174 timestamp="2025-07-06T09:51:44.814Z"}[39m[22m
[2m[36m[09:51:44][39m[22m [36mDEBUG  [39m [35m[HAG.home-assistant.client][39m 📨 Processing WebSocket message [2m[32m{messageType="event" messageId=1 totalMessages=42 timestamp="2025-07-06T09:51:44.814Z"}[39m[22m
[2m[36m[09:51:44][39m[22m [36mDEBUG  [39m [35m[HAG.home-assistant.client][39m 📨 Received Home Assistant event [2m[32m{eventType="state_changed" entityId="sensor.192_168_0_144_core_0_temperature" eventTime="2025-07-06T09:51:44.973Z" origin="LOCAL" hasData=true}[39m[22m
[2m[36m[09:51:44][39m[22m [36mDEBUG  [39m [35m[HAG.home-assistant.client][39m 🔄 Entity state changed [2m[32m{entityId="sensor.192_168_0_144_core_0_temperature" oldState="48" newState="47" stateChanged=true timeFired="2025-07-06T09:51:44.973Z" attributes={"state_class":"measurement","unit_of_measurement":"°C","device_class":"temperature","friendly_name":"Server Core 0 temperature"}}[39m[22m
[2m[36m[09:51:44][39m[22m [36mDEBUG  [39m [35m[HAG.home-assistant.client][39m No handlers registered for event type [2m[32m{eventType="state_changed" availableHandlers=[]}[39m[22m
[2m[36m[09:51:44][39m[22m [36mDEBUG  [39m [35m[HAG.home-assistant.client][39m WebSocket message received [2m[32m{dataType="string" dataLength=1174 timestamp="2025-07-06T09:51:44.814Z"}[39m[22m
[2m[36m[09:51:44][39m[22m [36mDEBUG  [39m [35m[HAG.home-assistant.client][39m 📨 Processing WebSocket message [2m[32m{messageType="event" messageId=1 totalMessages=43 timestamp="2025-07-06T09:51:44.814Z"}[39m[22m
[2m[36m[09:51:44][39m[22m [36mDEBUG  [39m [35m[HAG.home-assistant.client][39m 📨 Received Home Assistant event [2m[32m{eventType="state_changed" entityId="sensor.192_168_0_144_core_1_temperature" eventTime="2025-07-06T09:51:44.973Z" origin="LOCAL" hasData=true}[39m[22m
[2m[36m[09:51:44][39m[22m [36mDEBUG  [39m [35m[HAG.home-assistant.client][39m 🔄 Entity state changed [2m[32m{entityId="sensor.192_168_0_144_core_1_temperature" oldState="48" newState="47" stateChanged=true timeFired="2025-07-06T09:51:44.973Z" attributes={"state_class":"measurement","unit_of_measurement":"°C","device_class":"temperature","friendly_name":"Server Core 1 temperature"}}[39m[22m
[2m[36m[09:51:44][39m[22m [36mDEBUG  [39m [35m[HAG.home-assistant.client][39m No handlers registered for event type [2m[32m{eventType="state_changed" availableHandlers=[]}[39m[22m
[2m[36m[09:51:44][39m[22m [36mDEBUG  [39m [35m[HAG.home-assistant.client][39m WebSocket message received [2m[32m{dataType="string" dataLength=1100 timestamp="2025-07-06T09:51:44.814Z"}[39m[22m
[2m[36m[09:51:44][39m[22m [36mDEBUG  [39m [35m[HAG.home-assistant.client][39m 📨 Processing WebSocket message [2m[32m{messageType="event" messageId=1 totalMessages=44 timestamp="2025-07-06T09:51:44.814Z"}[39m[22m
[2m[36m[09:51:44][39m[22m [36mDEBUG  [39m [35m[HAG.home-assistant.client][39m 📨 Received Home Assistant event [2m[32m{eventType="state_changed" entityId="sensor.192_168_0_144_ram_used_percent" eventTime="2025-07-06T09:51:44.973Z" origin="LOCAL" hasData=true}[39m[22m
[2m[36m[09:51:44][39m[22m [36mDEBUG  [39m [35m[HAG.home-assistant.client][39m 🔄 Entity state changed [2m[32m{entityId="sensor.192_168_0_144_ram_used_percent" oldState="83.1" newState="82.9" stateChanged=true timeFired="2025-07-06T09:51:44.973Z" attributes={"state_class":"measurement","unit_of_measurement":"%","friendly_name":"Server Memory usage"}}[39m[22m
[2m[36m[09:51:44][39m[22m [36mDEBUG  [39m [35m[HAG.home-assistant.client][39m No handlers registered for event type [2m[32m{eventType="state_changed" availableHandlers=[]}[39m[22m
[2m[36m[09:51:44][39m[22m [36mDEBUG  [39m [35m[HAG.home-assistant.client][39m WebSocket message received [2m[32m{dataType="string" dataLength=1134 timestamp="2025-07-06T09:51:44.814Z"}[39m[22m
[2m[36m[09:51:44][39m[22m [36mDEBUG  [39m [35m[HAG.home-assistant.client][39m 📨 Processing WebSocket message [2m[32m{messageType="event" messageId=1 totalMessages=45 timestamp="2025-07-06T09:51:44.814Z"}[39m[22m
[2m[36m[09:51:44][39m[22m [36mDEBUG  [39m [35m[HAG.home-assistant.client][39m 📨 Received Home Assistant event [2m[32m{eventType="state_changed" entityId="sensor.192_168_0_144_ram_used" eventTime="2025-07-06T09:51:44.974Z" origin="LOCAL" hasData=true}[39m[22m
[2m[36m[09:51:44][39m[22m [36mDEBUG  [39m [35m[HAG.home-assistant.client][39m 🔄 Entity state changed [2m[32m{entityId="sensor.192_168_0_144_ram_used" oldState="6385.3" newState="6372.3" stateChanged=true timeFired="2025-07-06T09:51:44.974Z" attributes={"state_class":"measurement","unit_of_measurement":"MiB","device_class":"data_size","friendly_name":"Server Memory use"}}[39m[22m
[2m[36m[09:51:44][39m[22m [36mDEBUG  [39m [35m[HAG.home-assistant.client][39m No handlers registered for event type [2m[32m{eventType="state_changed" availableHandlers=[]}[39m[22m
[2m[36m[09:51:44][39m[22m [36mDEBUG  [39m [35m[HAG.home-assistant.client][39m WebSocket message received [2m[32m{dataType="string" dataLength=1064 timestamp="2025-07-06T09:51:44.814Z"}[39m[22m
[2m[36m[09:51:44][39m[22m [36mDEBUG  [39m [35m[HAG.home-assistant.client][39m 📨 Processing WebSocket message [2m[32m{messageType="event" messageId=1 totalMessages=46 timestamp="2025-07-06T09:51:44.814Z"}[39m[22m
[2m[36m[09:51:44][39m[22m [36mDEBUG  [39m [35m[HAG.home-assistant.client][39m 📨 Received Home Assistant event [2m[32m{eventType="state_changed" entityId="sensor.192_168_0_144_cpu_load" eventTime="2025-07-06T09:51:44.974Z" origin="LOCAL" hasData=true}[39m[22m
[2m[36m[09:51:44][39m[22m [36mDEBUG  [39m [35m[HAG.home-assistant.client][39m 🔄 Entity state changed [2m[32m{entityId="sensor.192_168_0_144_cpu_load" oldState="0.05" newState="0.04" stateChanged=true timeFired="2025-07-06T09:51:44.974Z" attributes={"state_class":"measurement","icon":"mdi:cpu-64-bit","friendly_name":"Server CPU load"}}[39m[22m
[2m[36m[09:51:44][39m[22m [36mDEBUG  [39m [35m[HAG.home-assistant.client][39m No handlers registered for event type [2m[32m{eventType="state_changed" availableHandlers=[]}[39m[22m
[2m[36m[09:51:44][39m[22m [36mDEBUG  [39m [35m[HAG.home-assistant.client][39m WebSocket message received [2m[32m{dataType="string" dataLength=1116 timestamp="2025-07-06T09:51:44.815Z"}[39m[22m
[2m[36m[09:51:44][39m[22m [36mDEBUG  [39m [35m[HAG.home-assistant.client][39m 📨 Processing WebSocket message [2m[32m{messageType="event" messageId=1 totalMessages=47 timestamp="2025-07-06T09:51:44.815Z"}[39m[22m
[2m[36m[09:51:44][39m[22m [36mDEBUG  [39m [35m[HAG.home-assistant.client][39m 📨 Received Home Assistant event [2m[32m{eventType="state_changed" entityId="sensor.192_168_0_144_cpu_used" eventTime="2025-07-06T09:51:44.974Z" origin="LOCAL" hasData=true}[39m[22m
[2m[36m[09:51:44][39m[22m [36mDEBUG  [39m [35m[HAG.home-assistant.client][39m 🔄 Entity state changed [2m[32m{entityId="sensor.192_168_0_144_cpu_used" oldState="3.4" newState="4.0" stateChanged=true timeFired="2025-07-06T09:51:44.974Z" attributes={"state_class":"measurement","unit_of_measurement":"%","icon":"mdi:cpu-64-bit","friendly_name":"Server CPU usage"}}[39m[22m
[2m[36m[09:51:44][39m[22m [36mDEBUG  [39m [35m[HAG.home-assistant.client][39m No handlers registered for event type [2m[32m{eventType="state_changed" availableHandlers=[]}[39m[22m
[2m[36m[09:51:44][39m[22m [36mDEBUG  [39m [35m[HAG.home-assistant.client][39m WebSocket message received [2m[32m{dataType="string" dataLength=1139 timestamp="2025-07-06T09:51:44.815Z"}[39m[22m
[2m[36m[09:51:44][39m[22m [36mDEBUG  [39m [35m[HAG.home-assistant.client][39m 📨 Processing WebSocket message [2m[32m{messageType="event" messageId=1 totalMessages=48 timestamp="2025-07-06T09:51:44.815Z"}[39m[22m
[2m[36m[09:51:44][39m[22m [36mDEBUG  [39m [35m[HAG.home-assistant.client][39m 📨 Received Home Assistant event [2m[32m{eventType="state_changed" entityId="sensor.server_veth102i0_tx" eventTime="2025-07-06T09:51:44.974Z" origin="LOCAL" hasData=true}[39m[22m
[2m[36m[09:51:44][39m[22m [36mDEBUG  [39m [35m[HAG.home-assistant.client][39m 🔄 Entity state changed [2m[32m{entityId="sensor.server_veth102i0_tx" oldState="0.001848" newState="0.002728" stateChanged=true timeFired="2025-07-06T09:51:44.974Z" attributes={"state_class":"measurement","unit_of_measurement":"Mbit/s","device_class":"data_rate","friendly_name":"Server veth102i0 TX"}}[39m[22m
[2m[36m[09:51:44][39m[22m [36mDEBUG  [39m [35m[HAG.home-assistant.client][39m No handlers registered for event type [2m[32m{eventType="state_changed" availableHandlers=[]}[39m[22m
[2m[36m[09:51:44][39m[22m [36mDEBUG  [39m [35m[HAG.home-assistant.client][39m WebSocket message received [2m[32m{dataType="string" dataLength=1139 timestamp="2025-07-06T09:51:44.815Z"}[39m[22m
[2m[36m[09:51:44][39m[22m [36mDEBUG  [39m [35m[HAG.home-assistant.client][39m 📨 Processing WebSocket message [2m[32m{messageType="event" messageId=1 totalMessages=49 timestamp="2025-07-06T09:51:44.815Z"}[39m[22m
[2m[36m[09:51:44][39m[22m [36mDEBUG  [39m [35m[HAG.home-assistant.client][39m 📨 Received Home Assistant event [2m[32m{eventType="state_changed" entityId="sensor.server_fwbr102i0_rx" eventTime="2025-07-06T09:51:44.974Z" origin="LOCAL" hasData=true}[39m[22m
[2m[36m[09:51:44][39m[22m [36mDEBUG  [39m [35m[HAG.home-assistant.client][39m 🔄 Entity state changed [2m[32m{entityId="sensor.server_fwbr102i0_rx" oldState="0.001632" newState="0.002416" stateChanged=true timeFired="2025-07-06T09:51:44.974Z" attributes={"state_class":"measurement","unit_of_measurement":"Mbit/s","device_class":"data_rate","friendly_name":"Server fwbr102i0 RX"}}[39m[22m
[2m[36m[09:51:44][39m[22m [36mDEBUG  [39m [35m[HAG.home-assistant.client][39m No handlers registered for event type [2m[32m{eventType="state_changed" availableHandlers=[]}[39m[22m
[2m[36m[09:51:44][39m[22m [36mDEBUG  [39m [35m[HAG.home-assistant.client][39m WebSocket message received [2m[32m{dataType="string" dataLength=1139 timestamp="2025-07-06T09:51:44.816Z"}[39m[22m
[2m[36m[09:51:44][39m[22m [36mDEBUG  [39m [35m[HAG.home-assistant.client][39m 📨 Processing WebSocket message [2m[32m{messageType="event" messageId=1 totalMessages=50 timestamp="2025-07-06T09:51:44.816Z"}[39m[22m
[2m[36m[09:51:44][39m[22m [36mDEBUG  [39m [35m[HAG.home-assistant.client][39m 📨 Received Home Assistant event [2m[32m{eventType="state_changed" entityId="sensor.server_fwpr102p0_tx" eventTime="2025-07-06T09:51:44.974Z" origin="LOCAL" hasData=true}[39m[22m
[2m[36m[09:51:44][39m[22m [36mDEBUG  [39m [35m[HAG.home-assistant.client][39m 🔄 Entity state changed [2m[32m{entityId="sensor.server_fwpr102p0_tx" oldState="0.001848" newState="0.002728" stateChanged=true timeFired="2025-07-06T09:51:44.974Z" attributes={"state_class":"measurement","unit_of_measurement":"Mbit/s","device_class":"data_rate","friendly_name":"Server fwpr102p0 TX"}}[39m[22m
[2m[36m[09:51:44][39m[22m [36mDEBUG  [39m [35m[HAG.home-assistant.client][39m No handlers registered for event type [2m[32m{eventType="state_changed" availableHandlers=[]}[39m[22m
[2m[36m[09:51:44][39m[22m [36mDEBUG  [39m [35m[HAG.home-assistant.client][39m WebSocket message received [2m[32m{dataType="string" dataLength=1139 timestamp="2025-07-06T09:51:44.816Z"}[39m[22m
[2m[36m[09:51:44][39m[22m [36mDEBUG  [39m [35m[HAG.home-assistant.client][39m 📨 Processing WebSocket message [2m[32m{messageType="event" messageId=1 totalMessages=51 timestamp="2025-07-06T09:51:44.816Z"}[39m[22m
[2m[36m[09:51:44][39m[22m [36mDEBUG  [39m [35m[HAG.home-assistant.client][39m 📨 Received Home Assistant event [2m[32m{eventType="state_changed" entityId="sensor.server_fwln102i0_rx" eventTime="2025-07-06T09:51:44.975Z" origin="LOCAL" hasData=true}[39m[22m
[2m[36m[09:51:44][39m[22m [36mDEBUG  [39m [35m[HAG.home-assistant.client][39m 🔄 Entity state changed [2m[32m{entityId="sensor.server_fwln102i0_rx" oldState="0.001848" newState="0.002728" stateChanged=true timeFired="2025-07-06T09:51:44.975Z" attributes={"state_class":"measurement","unit_of_measurement":"Mbit/s","device_class":"data_rate","friendly_name":"Server fwln102i0 RX"}}[39m[22m
[2m[36m[09:51:44][39m[22m [36mDEBUG  [39m [35m[HAG.home-assistant.client][39m No handlers registered for event type [2m[32m{eventType="state_changed" availableHandlers=[]}[39m[22m
[2m[36m[09:51:48][39m[22m [34mINFO   [39m [35m[HAG][39m [31m[1m🛑 Received SIGTERM, shutting down gracefully...[22m[39m
[2m[36m[09:51:48][39m[22m [34mINFO   [39m [35m[HAG.hvac.controller][39m [31m[1m🛑 Stopping HVAC controller[22m[39m [2m[32m{currentlyRunning=true currentState="cooling" haConnected=true}[39m[22m
[2m[36m[09:51:48][39m[22m [36mDEBUG  [39m [35m[HAG.hvac.controller][39m 🔄 Aborting event-driven operations
[2m[36m[09:51:48][39m[22m [36mDEBUG  [39m [35m[HAG.hvac.controller][39m [31m[1m⚙️ Stopping HVAC actor system[22m[39m [2m[32m{currentState="cooling"}[39m[22m
[2m[36m[09:51:48][39m[22m [34mINFO   [39m [35m[HAG.hvac.state-machine][39m [35m[1m🛑 Stopping HVAC state machine[22m[39m [2m[32m{currentState="cooling" isRunning=true}[39m[22m
[2m[36m[09:51:48][39m[22m [36mDEBUG  [39m [35m[HAG.hvac.state-machine][39m [35m[1m📋 Final state machine status[22m[39m [2m[32m{finalState="cooling" finalContext={"indoorTemp":25,"outdoorTemp":28.01,"currentHour":11,"isWeekday":false,"systemMode":"auto"} machineStatus="active"}[39m[22m
[2m[36m[09:51:48][39m[22m [34mINFO   [39m [35m[HAG.hvac.state-machine][39m [32m[1m✅ HVAC state machine stopped[22m[39m
[2m[36m[09:51:48][39m[22m [34mINFO   [39m [35m[HAG.hvac.controller][39m ⏹️ HVAC system stopped
[2m[36m[09:51:48][39m[22m [36mDEBUG  [39m [35m[HAG.hvac.controller][39m [32m[1m✅ HVAC actor system stopped[22m[39m
[2m[36m[09:51:48][39m[22m [36mDEBUG  [39m [35m[HAG.hvac.controller][39m 🔗 Disconnecting from Home Assistant
[2m[36m[09:51:48][39m[22m [34mINFO   [39m [35m[HAG.home-assistant.client][39m 🔌 Disconnecting from Home Assistant [2m[32m{currentState="connected" stats={"totalConnections":1,"totalReconnections":0,"totalMessages":51,"totalErrors":0,"lastConnected":"2025-07-06T09:51:39.465Z"} subscriptions=["state_changed"] eventHandlers=[]}[39m[22m
[2m[36m[09:51:48][39m[22m [36mDEBUG  [39m [35m[HAG.home-assistant.client][39m 🔌 Closing WebSocket connection [2m[32m{readyState=1 readyStateString="OPEN"}[39m[22m
[2m[36m[09:51:48][39m[22m [36mDEBUG  [39m [35m[HAG.home-assistant.client][39m [32m[1m✅ WebSocket closed successfully[22m[39m
[2m[36m[09:51:48][39m[22m [34mINFO   [39m [35m[HAG.home-assistant.client][39m [32m[1m✅ Disconnected from Home Assistant[22m[39m [2m[32m{handlersCleared=0 subscriptionsCleared=1 finalState="disconnected"}[39m[22m
[2m[36m[09:51:48][39m[22m [36mDEBUG  [39m [35m[HAG.hvac.controller][39m [32m[1m✅ Home Assistant disconnected[22m[39m
[2m[36m[09:51:48][39m[22m [34mINFO   [39m [35m[HAG.hvac.controller][39m [32m[1m✅ HVAC controller stopped completely[22m[39m [2m[32m{systemShutdown=true finalRunningState=false}[39m[22m
[2m[36m[09:51:48][39m[22m [34mINFO   [39m [35m[HAG.home-assistant.client][39m 🔌 Disconnecting from Home Assistant [2m[32m{currentState="disconnected" stats={"totalConnections":1,"totalReconnections":0,"totalMessages":51,"totalErrors":0,"lastConnected":"2025-07-06T09:51:39.465Z"} subscriptions=[] eventHandlers=[]}[39m[22m
[2m[36m[09:51:48][39m[22m [34mINFO   [39m [35m[HAG.home-assistant.client][39m [32m[1m✅ Disconnected from Home Assistant[22m[39m [2m[32m{handlersCleared=0 subscriptionsCleared=0 finalState="disconnected"}[39m[22m
