[2m[36m[09:55:39][39m[22m [34mINFO   [39m [35m[HAG.core][39m [32m[1m✅ Registered all domain modules[22m[39m
[2m[36m[09:55:39][39m[22m [34mINFO   [39m [35m[HAG.home-assistant.client][39m [32m[1m🚀 Starting Home Assistant connection process[22m[39m [2m[32m{wsUrl="ws://192.168.0.204:8123/api/websocket" restUrl="http://192.168.0.204:8123/api" maxRetries=5 retryDelayMs=1000 currentState="disconnected"}[39m[22m
[2m[36m[09:55:39][39m[22m [34mINFO   [39m [35m[HAG.home-assistant.client][39m 🔄 Attempting Home Assistant connection [2m[32m{wsUrl="ws://192.168.0.204:8123/api/websocket" attempt=1 maxRetries=5 retryDelayMs=1000}[39m[22m
[2m[36m[09:55:39][39m[22m [34mINFO   [39m [35m[HAG.home-assistant.client][39m WebSocket connection established
[2m[36m[09:55:39][39m[22m [34mINFO   [39m [35m[HAG.home-assistant.client][39m Authentication successful
[2m[36m[09:55:39][39m[22m [34mINFO   [39m [35m[HAG.home-assistant.client][39m 📡 Subscribing to Home Assistant events [2m[32m{eventType="state_changed"}[39m[22m
[2m[36m[09:55:39][39m[22m [34mINFO   [39m [35m[HAG.home-assistant.client][39m [32m[1m✅ Successfully subscribed to events[22m[39m [2m[32m{eventType="state_changed" totalSubscriptions=1 messageId=1}[39m[22m
[2m[36m[09:55:39][39m[22m [34mINFO   [39m [35m[HAG.home-assistant.client][39m [32m[1m✅ Connected to Home Assistant successfully[22m[39m [2m[32m{totalAttempts=1 connectionStats={"totalConnections":1,"totalReconnections":0,"totalMessages":0,"totalErrors":0,"lastConnected":"2025-07-08T09:55:39.944Z"} subscriptions=["state_changed"] eventHandlers=[]}[39m[22m
[2m[36m[09:55:39][39m[22m [34mINFO   [39m [35m[HAG.hvac.state-machine][39m [35m[1m🚀 Starting HVAC state machine[22m[39m [2m[32m{machineId="hvac" initialState="idle" alreadyRunning=false}[39m[22m
[2m[36m[09:55:39][39m[22m [34mINFO   [39m [35m[HAG.hvac.state-machine][39m 🔄 [HVAC] State transition triggered by: xstate.init [2m[32m{toState="xstate.init" event={"type":"xstate.init"} indoorTemp=undefined outdoorTemp=undefined systemMode="auto" currentHour=11 isWeekday=true timestamp="2025-07-08T09:55:39.946Z"}[39m[22m
[2m[36m[09:55:39][39m[22m [34mINFO   [39m [35m[HAG.hvac.state-machine][39m [35m[1m🔄 State machine transition[22m[39m [2m[32m{toState="idle" context={"currentHour":11,"isWeekday":true,"systemMode":"auto"} status="active" timestamp="2025-07-08T09:55:39.946Z"}[39m[22m
[2m[36m[09:55:39][39m[22m [34mINFO   [39m [35m[HAG.hvac.state-machine][39m [32m[1m✅ HVAC state machine started[22m[39m [2m[32m{initialState="idle" initialContext={"currentHour":11,"isWeekday":true,"systemMode":"auto"} machineStatus="active" timestamp="2025-07-08T09:55:39.946Z"}[39m[22m
[2m[36m[09:55:39][39m[22m [34mINFO   [39m [35m[HAG.home-assistant.client][39m [32m[1m✅ Event handler registered[22m[39m [2m[32m{eventType="state_changed" totalHandlers=1 totalEventTypes=1}[39m[22m
[2m[36m[09:55:39][39m[22m [34mINFO   [39m [35m[HAG.home-assistant.client][39m [32m[1m✅ Entity state retrieved[22m[39m [2m[32m{entityId="sensor.1st_floor_hall_multisensor_temperature" state="24.4" friendlyName="1st Floor Hall Multisensor  Temperature" lastChanged="2025-07-08T09:36:21.336Z" lastUpdated="2025-07-08T09:36:21.336Z"}[39m[22m
[2m[36m[09:55:39][39m[22m [34mINFO   [39m [35m[HAG.home-assistant.client][39m [32m[1m✅ Entity state retrieved[22m[39m [2m[32m{entityId="sensor.openweathermap_temperature" state="13.63" friendlyName="OpenWeatherMap Temperature" lastChanged="2025-07-08T09:36:50.926Z" lastUpdated="2025-07-08T09:36:50.926Z"}[39m[22m
[2m[36m[09:55:39][39m[22m [34mINFO   [39m [35m[HAG.hvac.state-machine][39m [35m[1m🔄 State machine transition[22m[39m [2m[32m{toState="idle" context={"indoorTemp":24.4,"outdoorTemp":13.63,"currentHour":11,"isWeekday":true,"systemMode":"auto"} status="active" timestamp="2025-07-08T09:55:39.961Z"}[39m[22m
[2m[36m[09:55:39][39m[22m [34mINFO   [39m [35m[HAG.hvac.state-machine][39m [33m[1m🎯 Triggering condition evaluation[22m[39m [2m[32m{currentState="idle" hasTemperatureData=true indoorTemp=24.4 outdoorTemp=13.63 systemMode="auto" currentHour=11 isWeekday=true timestamp="2025-07-08T09:55:39.962Z"}[39m[22m
[2m[36m[09:55:39][39m[22m [34mINFO   [39m [35m[HAG.hvac.state-machine][39m Sending AUTO_EVALUATE event
[2m[36m[09:55:39][39m[22m [34mINFO   [39m [35m[HAG.hvac.state-machine][39m 🔄 [HVAC] State transition triggered by: AUTO_EVALUATE [2m[32m{toState="AUTO_EVALUATE" event={"type":"AUTO_EVALUATE"} indoorTemp=24.4 outdoorTemp=13.63 systemMode="auto" currentHour=11 isWeekday=true timestamp="2025-07-08T09:55:39.962Z"}[39m[22m
[2m[36m[09:55:39][39m[22m [34mINFO   [39m [35m[HAG.hvac.state-machine][39m Checking shouldAutoHeat guard
[2m[36m[09:55:39][39m[22m [34mINFO   [39m [35m[HAG.hvac.state-machine][39m Checking shouldAutoCool guard
[2m[36m[09:55:39][39m[22m [34mINFO   [39m [35m[HAG.hvac.cooling-strategy][39m [36m[1mEVALUATING cooling[22m[39m [2m[32m{currentTemp=24.4 indoorMax=22 shouldCool=true}[39m[22m
[2m[36m[09:55:39][39m[22m [34mINFO   [39m [35m[HAG.hvac.cooling-strategy][39m [36m[1m✅ Cooling approved[22m[39m [2m[32m{currentTemp=24.4 indoorMax=22 shouldCool=true tempDifference=2.3999999999999986 evaluationTimeMs=0 reason="temp_above_maximum"}[39m[22m
[2m[36m[09:55:39][39m[22m [34mINFO   [39m [35m[HAG.hvac.state-machine][39m 🔄 [HVAC] State transition triggered by: AUTO_EVALUATE [2m[32m{toState="AUTO_EVALUATE" event={"type":"AUTO_EVALUATE"} indoorTemp=24.4 outdoorTemp=13.63 systemMode="auto" currentHour=11 isWeekday=true timestamp="2025-07-08T09:55:39.964Z"}[39m[22m
[2m[36m[09:55:39][39m[22m [34mINFO   [39m [35m[HAG.hvac.state-machine][39m [36m[1m❄️ [HVAC] Starting cooling mode[22m[39m [2m[32m{targetTemp=24 indoorTemp=24.4 outdoorTemp=13.63 presetMode="windFree" thresholds={"indoorMin":15,"indoorMax":22,"outdoorMin":10,"outdoorMax":45} timestamp="2025-07-08T09:55:39.964Z"}[39m[22m
[2m[36m[09:55:39][39m[22m [33mWARN   [39m [35m[HAG.hvac.state-machine][39m [36m[1m⚠️ No Home Assistant client available for cooling control[22m[39m
[2m[36m[09:55:39][39m[22m [34mINFO   [39m [35m[HAG.hvac.state-machine][39m [35m[1m🔄 State machine transition[22m[39m [2m[32m{toState="cooling" context={"indoorTemp":24.4,"outdoorTemp":13.63,"currentHour":11,"isWeekday":true,"systemMode":"auto"} status="active" timestamp="2025-07-08T09:55:39.964Z"}[39m[22m
[2m[36m[09:55:39][39m[22m [34mINFO   [39m [35m[HAG.hvac.state-machine][39m ⚙️ Event triggered state transition [2m[32m{event={"type":"AUTO_EVALUATE"} fromState="idle" toState="cooling" contextChanged=false}[39m[22m
[2m[36m[09:55:39][39m[22m [34mINFO   [39m [35m[HAG][39m 🏠 HAG HVAC automation is running...
[2m[36m[09:55:39][39m[22m [34mINFO   [39m [35m[HAG][39m 📊 Press Ctrl+C to stop gracefully
